5.2891 	DEBUG 	Fullscreen settings ignored as running in pilot mode.
5.2897 	INFO 	Loaded monitor calibration from ['2025_06_03 17:22']
5.4752 	EXP 	Created window1 = Window(allowGUI=False, allowStencil=False, autoLog=True, backendConf=UNKNOWN, backgroundFit=<method-wrapper '__getattribute__' of attributeSetter object at 0x000001D451724EB0>, backgroundImage=<method-wrapper '__getattribute__' of attributeSetter object at 0x000001D451724F10>, bitsMode=UNKNOWN, blendMode='avg', bpc=(8, 8, 8), color=array([1., 1., 1.]), colorSpace='rgb', depthBits=8, fullscr=False, gamma=None, gammaErrorPolicy='raise', infoMsg=UNKNOWN, lms=UNKNOWN, monitor=<psychopy.monitors.calibTools.Monitor object at 0x000001D4517E0100>, multiSample=False, name='window1', numSamples=2, pos=[880.0, 500.0], screen=0, size=array([800, 600]), stencilBits=0, stereo=False, title='PsychoPy', units='height', useFBO=True, useRetina=False, viewOri=0.0, viewPos=None, viewScale=None, waitBlanking=True, winType='pyglet')
5.4752 	EXP 	window1: backgroundImage = ''
5.4752 	EXP 	window1: backgroundFit = 'none'
5.4813 	DEBUG 	TextBox2 loaded 1 chars with 0 blanks and 1 valid
5.4819 	DEBUG 	TextBox2 loaded 1 chars with 0 blanks and 1 valid
5.4825 	DEBUG 	TextBox2 loaded 1 chars with 0 blanks and 1 valid
5.4832 	DEBUG 	TextBox2 loaded 1 chars with 0 blanks and 1 valid
5.4838 	DEBUG 	TextBox2 loaded 1 chars with 0 blanks and 1 valid
5.4842 	DEBUG 	TextBox2 loaded 1 chars with 0 blanks and 1 valid
5.4847 	DEBUG 	TextBox2 loaded 1 chars with 0 blanks and 1 valid
5.4854 	DEBUG 	TextBox2 loaded 1 chars with 0 blanks and 1 valid
5.4857 	DEBUG 	TextBox2 loaded 1 chars with 0 blanks and 1 valid
5.4859 	DEBUG 	TextBox2 loaded 1 chars with 0 blanks and 1 valid
5.4865 	DEBUG 	TextBox2 loaded 1 chars with 0 blanks and 1 valid
5.4870 	DEBUG 	TextBox2 loaded 1 chars with 0 blanks and 1 valid
5.4874 	DEBUG 	TextBox2 loaded 1 chars with 0 blanks and 1 valid
5.4880 	DEBUG 	TextBox2 loaded 1 chars with 0 blanks and 1 valid
5.4884 	DEBUG 	TextBox2 loaded 1 chars with 0 blanks and 1 valid
5.4890 	DEBUG 	TextBox2 loaded 1 chars with 0 blanks and 1 valid
5.4895 	DEBUG 	TextBox2 loaded 1 chars with 0 blanks and 1 valid
5.4898 	DEBUG 	TextBox2 loaded 1 chars with 0 blanks and 1 valid
5.4902 	DEBUG 	TextBox2 loaded 1 chars with 0 blanks and 1 valid
5.4909 	DEBUG 	TextBox2 loaded 1 chars with 0 blanks and 1 valid
5.4912 	DEBUG 	TextBox2 loaded 1 chars with 0 blanks and 1 valid
5.4915 	DEBUG 	Uploading Texture Font fontname to graphics card
5.4962 	DEBUG 	Upload of Texture Font fontname complete
5.5009 	DEBUG 	TextBox2 loaded 1 chars with 0 blanks and 1 valid
5.5016 	DEBUG 	TextBox2 loaded 1 chars with 0 blanks and 1 valid
5.5022 	DEBUG 	TextBox2 loaded 1 chars with 0 blanks and 1 valid
5.5024 	DEBUG 	Uploading Texture Font fontname to graphics card
5.5059 	DEBUG 	Upload of Texture Font fontname complete
5.5071 	EXP 	window1: Attempting to measure frame rate of screen (0) ...
5.5072 	EXP 	window1: recordFrameIntervals = False
5.5769 	EXP 	window1: recordFrameIntervals = True
5.6436 	EXP 	Screen (0) actual frame rate measured at 165.22Hz
5.6436 	EXP 	window1: recordFrameIntervals = False
5.6478 	DEBUG 	TextBox2 loaded 1 chars with 0 blanks and 1 valid
5.6484 	DEBUG 	TextBox2 loaded 1 chars with 0 blanks and 1 valid
5.6490 	DEBUG 	TextBox2 loaded 1 chars with 0 blanks and 1 valid
5.6497 	DEBUG 	TextBox2 loaded 1 chars with 0 blanks and 1 valid
5.6504 	DEBUG 	TextBox2 loaded 1 chars with 0 blanks and 1 valid
5.6511 	DEBUG 	TextBox2 loaded 1 chars with 0 blanks and 1 valid
5.6515 	DEBUG 	TextBox2 loaded 1 chars with 0 blanks and 1 valid
5.6520 	DEBUG 	TextBox2 loaded 1 chars with 0 blanks and 1 valid
5.6527 	DEBUG 	TextBox2 loaded 1 chars with 0 blanks and 1 valid
5.6533 	DEBUG 	TextBox2 loaded 1 chars with 0 blanks and 1 valid
5.6536 	DEBUG 	Uploading Texture Font fontname to graphics card
5.6541 	DEBUG 	Upload of Texture Font fontname complete
5.6641 	WARNING 	launchHubServer: If using the iohub mouse or eyetracker devices, fullScr should be True.
7.6420 	INFO 	keyboard.Keyboard is using iohub backend.
7.6420 	INFO 	keyboard.Keyboard is using iohub backend.
7.6420 	INFO 	keyboard.Keyboard is using iohub backend.
7.6420 	INFO 	keyboard.Keyboard is using iohub backend.
7.6420 	INFO 	keyboard.Keyboard is using iohub backend.
7.6421 	EXP 	Self: status = STARTED
7.7005 	EXP 	Created welcome_text = TextStim(__class__=<class 'psychopy.visual.text.TextStim'>, alignHoriz=method-wrapper(...), alignText='center', alignVert=method-wrapper(...), anchorHoriz='center', anchorVert='center', antialias=True, autoDraw=False, autoLog=True, bold=False, color=array([-1., -1., -1.]), colorSpace='rgb', contrast=1.0, depth=0.0, draggable=False, flipHoriz=False, flipVert=False, font='Arial', fontFiles=[], height=0.05, italic=False, languageStyle='LTR', name='welcome_text', opacity=1, ori=0.0, pos=array([0., 0.]), rgb=UNKNOWN, text=str(...), units='height', win=Window(...), wrapWidth=1)
7.7011 	EXP 	Created text_instructions = TextStim(__class__=<class 'psychopy.visual.text.TextStim'>, alignHoriz=method-wrapper(...), alignText='center', alignVert=method-wrapper(...), anchorHoriz='center', anchorVert='center', antialias=True, autoDraw=False, autoLog=True, bold=False, color=array([-1., -1., -1.]), colorSpace='rgb', contrast=1.0, depth=0.0, draggable=False, flipHoriz=False, flipVert=False, font='Arial', fontFiles=[], height=0.05, italic=False, languageStyle='LTR', name='text_instructions', opacity=1, ori=0.0, pos=array([0., 0.]), rgb=UNKNOWN, text='', units='height', win=Window(...), wrapWidth=1)
7.7033 	EXP 	Created fix = TextStim(__class__=<class 'psychopy.visual.text.TextStim'>, alignHoriz=method-wrapper(...), alignText='center', alignVert=method-wrapper(...), anchorHoriz='center', anchorVert='center', antialias=True, autoDraw=False, autoLog=True, bold=False, color=array([-1., -1., -1.]), colorSpace='rgb', contrast=1.0, depth=-1.0, draggable=False, flipHoriz=False, flipVert=False, font='Arial', fontFiles=[], height=0.05, italic=False, languageStyle='LTR', name='fix', opacity=1, ori=0.0, pos=array([0., 0.]), rgb=UNKNOWN, text='+', units='height', win=Window(...), wrapWidth=1)
7.7256 	DEBUG 	Saving data for Self ExperimentHandler
7.7268 	INFO 	saved data to C:\Users\alex_\Desktop\self_task\data/082735_Self_2025-08-05_20h17.22.599.psydat
7.7273 	INFO 	saved data to 'C:\\Users\\alex_\\Desktop\\self_task\\data/082735_Self_2025-08-05_20h17.22.599.csv'
