10.6871 	INFO 	Loaded monitor calibration from ['2025_10_07 13:12']
10.8430 	INFO 	Using renderer 'Intel(R) UHD Graphics' for graphics
10.8430 	INFO 	OpenGL version supported by driver is 4..
10.9863 	EXP 	Created window1 = Window(allowGUI=True, allowStencil=False, autoLog=True, backendConf=UNKNOWN, backgroundFit=<method-wrapper '__getattribute__' of attributeSetter object at 0x000002460A0982E0>, backgroundImage=<method-wrapper '__getattribute__' of attributeSetter object at 0x000002460A0986A0>, bitsMode=UNKNOWN, blendMode='avg', bpc=(8, 8, 8), color=array([1., 1., 1.]), colorSpace='rgb', depthBits=8, fullscr=False, gamma=None, gammaErrorPolicy='raise', infoMsg=UNKNOWN, lms=UNKNOWN, monitor=<psychopy.monitors.calibTools.Monitor object at 0x000002460A342A70>, multiSample=False, name='window1', numSamples=2, pos=[np.float64(640.0), np.float64(420.0)], screen=1, size=array([1280,  600]), stencilBits=0, stereo=False, title='PsychoPy', units='height', useFBO=True, useRetina=False, viewOri=0.0, viewPos=None, viewScale=None, waitBlanking=True, winType='pyglet')
10.9863 	EXP 	window1: backgroundImage = ''
10.9863 	EXP 	window1: backgroundFit = 'none'
11.3800 	EXP 	window1: Attempting to measure frame rate of screen (1) ...
11.3800 	EXP 	window1: recordFrameIntervals = False
11.5537 	EXP 	window1: recordFrameIntervals = True
11.7367 	EXP 	Screen (1) actual frame rate measured at 60.08Hz
11.7368 	EXP 	window1: recordFrameIntervals = False
11.7841 	WARNING 	launchHubServer: If using the iohub mouse or eyetracker devices, fullScr should be True.
14.5053 	INFO 	keyboard.Keyboard is using iohub backend.
14.5054 	INFO 	keyboard.Keyboard is using iohub backend.
14.5054 	INFO 	keyboard.Keyboard is using iohub backend.
14.5054 	EXP 	alej_colour_self_friend_other: status = STARTED
14.5303 	EXP 	Created text_instructions = TextStim(__class__=<class 'psychopy.visual.text.TextStim'>, alignHoriz=method-wrapper(...), alignText='center', alignVert=method-wrapper(...), anchorHoriz='center', anchorVert='center', antialias=True, autoDraw=False, autoLog=True, bold=False, color=array([-1., -1., -1.]), colorSpace='rgb', contrast=1.0, depth=-1.0, draggable=False, flipHoriz=False, flipVert=False, font='Arial', fontFiles=[], height=0.05, italic=False, languageStyle='LTR', name='text_instructions', opacity=1, ori=0.0, pos=array([0., 0.]), rgb=UNKNOWN, text='', units='height', win=Window(...), wrapWidth=1)
14.5769 	EXP 	Created fix = TextStim(__class__=<class 'psychopy.visual.text.TextStim'>, alignHoriz=method-wrapper(...), alignText='center', alignVert=method-wrapper(...), anchorHoriz='center', anchorVert='center', antialias=True, autoDraw=False, autoLog=True, bold=False, color=array([-1., -1., -1.]), colorSpace='rgb', contrast=1.0, depth=-1.0, draggable=False, flipHoriz=False, flipVert=False, font='Arial', fontFiles=[], height=np.float64(0.05), italic=False, languageStyle='LTR', name='fix', opacity=1, ori=0.0, pos=array([0., 0.]), rgb=UNKNOWN, text='+', units='height', win=Window(...), wrapWidth=1)
14.5778 	EXP 	Created stimuli = TextStim(__class__=<class 'psychopy.visual.text.TextStim'>, alignHoriz=method-wrapper(...), alignText='center', alignVert=method-wrapper(...), anchorHoriz='center', anchorVert='center', antialias=True, autoDraw=False, autoLog=True, bold=False, color=array([1., 1., 1.]), colorSpace='rgb', contrast=1.0, depth=-2.0, draggable=False, flipHoriz=False, flipVert=False, font='Arial', fontFiles=[], height=0.25, italic=False, languageStyle='LTR', name='stimuli', opacity=1, ori=0.0, pos=array([0., 0.]), rgb=UNKNOWN, text='', units='height', win=Window(...), wrapWidth=1)
14.5785 	EXP 	Created put_feedback_2 = TextStim(__class__=<class 'psychopy.visual.text.TextStim'>, alignHoriz=method-wrapper(...), alignText='center', alignVert=method-wrapper(...), anchorHoriz='center', anchorVert='center', antialias=True, autoDraw=False, autoLog=True, bold=False, color=array([-1., -1., -1.]), colorSpace='rgb', contrast=1.0, depth=-1.0, draggable=False, flipHoriz=False, flipVert=False, font='Arial', fontFiles=[], height=0.05, italic=False, languageStyle='LTR', name='put_feedback_2', opacity=1, ori=0.0, pos=array([0., 0.]), rgb=UNKNOWN, text='', units='height', win=Window(...), wrapWidth=1)
14.5796 	EXP 	Created blank_screen = TextStim(__class__=<class 'psychopy.visual.text.TextStim'>, alignHoriz=method-wrapper(...), alignText='center', alignVert=method-wrapper(...), anchorHoriz='center', anchorVert='center', antialias=True, autoDraw=False, autoLog=True, bold=False, color=array([1., 1., 1.]), colorSpace='rgb', contrast=1.0, depth=0.0, draggable=False, flipHoriz=False, flipVert=False, font='Arial', fontFiles=[], height=np.float64(0.05), italic=False, languageStyle='LTR', name='blank_screen', opacity=1, ori=0.0, pos=array([0., 0.]), rgb=UNKNOWN, text='', units='height', win=Window(...), wrapWidth=1)
14.5857 	EXP 	Created text_2 = TextStim(__class__=<class 'psychopy.visual.text.TextStim'>, alignHoriz=method-wrapper(...), alignText='center', alignVert=method-wrapper(...), anchorHoriz='center', anchorVert='center', antialias=True, autoDraw=False, autoLog=True, bold=False, color=array([1., 1., 1.]), colorSpace='rgb', contrast=1.0, depth=0.0, draggable=False, flipHoriz=False, flipVert=False, font='Arial', fontFiles=[], height=np.float64(0.05), italic=False, languageStyle='LTR', name='text_2', opacity=1, ori=0.0, pos=array([0., 0.]), rgb=UNKNOWN, text='The End', units='height', win=Window(...), wrapWidth=1)
0.0134 	EXP 	New trial (rep=0, index=0): <Trial 0 (0 in rep 0) data={'thisN': 0, 'thisTrialN': 0, 'thisRepN': 0}>
0.0467 	INFO 	Keyboard events cleared
0.0462 	EXP 	text_instructions: height = np.float64(0.05)
0.0462 	EXP 	text_instructions: height = np.float64(0.05)
0.0462 	EXP 	text_instructions: height = np.float64(0.05)
0.0462 	EXP 	text_instructions: text = 'In the following task, you will need to report the color of the word.\nIf the word is presented in red, press j\nIf the word is presented in blue, press k\nIf the word is presented in green, press l\n\npress the space key to start'
0.0462 	EXP 	text_instructions: autoDraw = True
0.9343 	DATA 	Mouse: Left button down, pos=(332,127)
1.0495 	DATA 	Mouse:  Left button up, pos=(332,127)
1.8534 	EXP 	Device response: <KeyPress from None: t=1.840123500000118, value=space, duration=None>
1.8680 	EXP 	Imported trials_practice.xlsx as conditions, 9 conditions, 6 params
1.8684 	EXP 	New trial (rep=0, index=0): <Trial 0 (0 in rep 0) data={'task': 'color', 'word': 'other', 'color': 'green', 'font': 'Verdana', 'correctresponse': 'greenother', 'font_variable': '$font_main2', 'thisN': 0, 'thisTrialN': 0, 'thisRepN': 0}>
1.8817 	DATA 	Keypress: space
1.8933 	EXP 	text_instructions: autoDraw = False
1.8933 	EXP 	stimuli: foreColor = <psychopy.colors.Color: green, alpha=1.0>
1.8933 	EXP 	stimuli: height = np.float64(0.25)
1.8933 	EXP 	stimuli: height = np.float64(0.25)
1.8933 	EXP 	stimuli: height = np.float64(0.25)
1.8933 	EXP 	stimuli: text = 'other'
1.8933 	EXP 	stimuli: font = 'Verdana'
1.8933 	EXP 	fix: autoDraw = True
1.9123 	EXP 	Device response: <KeyPress from None: t=1.840123500000118, value=space, duration=0.061756200000672834>
2.4268 	INFO 	Keyboard events cleared
2.4261 	EXP 	fix: autoDraw = False
2.4261 	EXP 	stimuli: autoDraw = True
2.4261 	EXP 	stimuli: height = np.float64(0.25)
2.4261 	EXP 	stimuli: height = np.float64(0.25)
2.4261 	EXP 	stimuli: height = np.float64(0.25)
2.4261 	EXP 	stimuli: text = 'other'
3.8779 	EXP 	Device response: <KeyPress from None: t=3.872920800000429, value=j, duration=None>
3.8911 	DATA 	Keypress: j
3.9074 	EXP 	fix: autoDraw = False
3.9074 	EXP 	stimuli: autoDraw = False
3.9074 	EXP 	put_feedback_2: height = np.float64(0.05)
3.9074 	EXP 	put_feedback_2: height = np.float64(0.05)
3.9074 	EXP 	put_feedback_2: height = np.float64(0.05)
3.9074 	EXP 	put_feedback_2: text = 'wrong'
3.9074 	EXP 	put_feedback_2: autoDraw = True
3.9268 	EXP 	Device response: <KeyPress from None: t=3.872920800000429, value=j, duration=0.03989999999976135>
4.9099 	EXP 	put_feedback_2: autoDraw = False
4.9099 	EXP 	blank_screen: autoDraw = True
5.8912 	EXP 	New trial (rep=0, index=1): <Trial 1 (1 in rep 0) data={'task': 'color', 'word': 'friend', 'color': 'blue', 'font': 'Tahoma\xa0', 'correctresponse': 'bluefriend', 'font_variable': '$font_main3', 'thisN': 1, 'thisTrialN': 1, 'thisRepN': 0}>
5.9217 	EXP 	blank_screen: autoDraw = False
5.9217 	EXP 	stimuli: foreColor = <psychopy.colors.Color: blue, alpha=1.0>
5.9217 	EXP 	stimuli: height = np.float64(0.25)
5.9217 	EXP 	stimuli: height = np.float64(0.25)
5.9217 	EXP 	stimuli: height = np.float64(0.25)
5.9217 	EXP 	stimuli: text = 'friend'
5.9217 	EXP 	stimuli: font = 'Tahoma\xa0'
5.9217 	EXP 	fix: autoDraw = True
6.1918 	EXP 	Device response: <KeyPress from None: t=6.177928200000679, value=j, duration=None>
6.1933 	DATA 	Keypress: j
6.2427 	EXP 	Device response: <KeyPress from None: t=6.177928200000679, value=j, duration=0.061898899999505375>
6.3383 	INFO 	Keyboard events cleared
6.3378 	EXP 	fix: autoDraw = False
6.3378 	EXP 	stimuli: autoDraw = True
6.3378 	EXP 	stimuli: height = np.float64(0.25)
6.3378 	EXP 	stimuli: height = np.float64(0.25)
6.3378 	EXP 	stimuli: height = np.float64(0.25)
6.3378 	EXP 	stimuli: text = 'friend'
6.4905 	EXP 	Device response: <KeyPress from None: t=6.482810000000427, value=j, duration=None>
6.4939 	DATA 	Keypress: j
6.5062 	EXP 	fix: autoDraw = False
6.5062 	EXP 	stimuli: autoDraw = False
6.5062 	EXP 	put_feedback_2: text = 'wrong'
6.5062 	EXP 	put_feedback_2: autoDraw = True
6.5577 	EXP 	Device response: <KeyPress from None: t=6.482810000000427, value=j, duration=0.06249169999955484>
6.6920 	EXP 	Device response: <KeyPress from None: t=6.675799700000425, value=j, duration=None>
6.6940 	DATA 	Keypress: j
6.7412 	EXP 	Device response: <KeyPress from None: t=6.675799700000425, value=j, duration=0.06310070000017731>
6.8735 	EXP 	Device response: <KeyPress from None: t=6.857957400000487, value=j, duration=None>
6.8748 	DATA 	Keypress: j
6.9402 	EXP 	Device response: <KeyPress from None: t=6.857957400000487, value=j, duration=0.07211259999985487>
7.0583 	EXP 	Device response: <KeyPress from None: t=7.0505135000003065, value=j, duration=None>
7.0601 	DATA 	Keypress: j
7.1241 	EXP 	Device response: <KeyPress from None: t=7.0505135000003065, value=j, duration=0.06961719999981142>
7.2406 	EXP 	Device response: <KeyPress from None: t=7.234390800000256, value=j, duration=None>
7.2425 	DATA 	Keypress: j
7.3233 	EXP 	Device response: <KeyPress from None: t=7.234390800000256, value=j, duration=0.07932510000046022>
7.4227 	EXP 	Device response: <KeyPress from None: t=7.421038000000408, value=j, duration=None>
7.4239 	DATA 	Keypress: j
7.5073 	EXP 	Device response: <KeyPress from None: t=7.421038000000408, value=j, duration=0.07899410000027274>
7.5222 	EXP 	put_feedback_2: autoDraw = False
7.5222 	EXP 	blank_screen: autoDraw = True
7.6393 	EXP 	Device response: <KeyPress from None: t=7.626831999999922, value=j, duration=None>
7.6404 	DATA 	Keypress: j
7.7066 	EXP 	Device response: <KeyPress from None: t=7.626831999999922, value=j, duration=0.07774460000018735>
7.8383 	EXP 	Device response: <KeyPress from None: t=7.824896699999954, value=j, duration=None>
7.8392 	DATA 	Keypress: j
7.9052 	EXP 	Device response: <KeyPress from None: t=7.824896699999954, value=j, duration=0.07699460000003455>
8.0218 	EXP 	Device response: <KeyPress from None: t=8.015949600000567, value=j, duration=None>
8.0226 	DATA 	Keypress: j
8.1048 	EXP 	Device response: <KeyPress from None: t=8.015949600000567, value=j, duration=0.07828229999995528>
8.2384 	EXP 	Device response: <KeyPress from None: t=8.22341680000045, value=j, duration=None>
8.2397 	DATA 	Keypress: j
8.3065 	EXP 	Device response: <KeyPress from None: t=8.22341680000045, value=j, duration=0.07186639999963518>
8.4223 	EXP 	Device response: <KeyPress from None: t=8.415480200000275, value=j, duration=None>
8.4234 	DATA 	Keypress: j
8.4891 	EXP 	Device response: <KeyPress from None: t=8.415480200000275, value=j, duration=0.06919139999990875>
8.5047 	EXP 	New trial (rep=0, index=2): <Trial 2 (2 in rep 0) data={'task': 'color', 'word': 'self', 'color': 'red', 'font': 'Verdana', 'correctresponse': 'redself', 'font_variable': '$font_main2', 'thisN': 2, 'thisTrialN': 2, 'thisRepN': 0}>
8.5348 	EXP 	blank_screen: autoDraw = False
8.5348 	EXP 	stimuli: foreColor = <psychopy.colors.Color: red, alpha=1.0>
8.5348 	EXP 	stimuli: height = np.float64(0.25)
8.5348 	EXP 	stimuli: height = np.float64(0.25)
8.5348 	EXP 	stimuli: height = np.float64(0.25)
8.5348 	EXP 	stimuli: text = 'self'
8.5348 	EXP 	stimuli: font = 'Verdana'
8.5348 	EXP 	fix: autoDraw = True
8.6217 	EXP 	Device response: <KeyPress from None: t=8.618401600000652, value=j, duration=None>
8.6231 	DATA 	Keypress: j
8.7043 	EXP 	Device response: <KeyPress from None: t=8.618401600000652, value=j, duration=0.07135919999927864>
8.8057 	EXP 	Device response: <KeyPress from None: t=8.803856600000472, value=j, duration=None>
8.8074 	DATA 	Keypress: j
8.8881 	EXP 	Device response: <KeyPress from None: t=8.803856600000472, value=j, duration=0.07830039999953442>
9.0019 	INFO 	Keyboard events cleared
9.0012 	EXP 	fix: autoDraw = False
9.0012 	EXP 	stimuli: autoDraw = True
9.0012 	EXP 	stimuli: height = np.float64(0.25)
9.0012 	EXP 	stimuli: height = np.float64(0.25)
9.0012 	EXP 	stimuli: height = np.float64(0.25)
9.0012 	EXP 	stimuli: text = 'self'
9.0038 	EXP 	Device response: <KeyPress from None: t=9.002686800000447, value=j, duration=None>
9.0051 	DATA 	Keypress: j
9.0506 	EXP 	fix: autoDraw = False
9.0506 	EXP 	stimuli: autoDraw = False
9.0506 	EXP 	put_feedback_2: height = np.float64(0.05)
9.0506 	EXP 	put_feedback_2: height = np.float64(0.05)
9.0506 	EXP 	put_feedback_2: height = np.float64(0.05)
9.0506 	EXP 	put_feedback_2: text = 'Correct'
9.0506 	EXP 	put_feedback_2: autoDraw = True
9.0867 	EXP 	Device response: <KeyPress from None: t=9.002686800000447, value=j, duration=0.07794829999966169>
9.2214 	EXP 	Device response: <KeyPress from None: t=9.20536070000071, value=j, duration=None>
9.2228 	DATA 	Keypress: j
9.2868 	EXP 	Device response: <KeyPress from None: t=9.20536070000071, value=j, duration=0.07098599999972066>
9.4038 	EXP 	Device response: <KeyPress from None: t=9.397672500000226, value=j, duration=None>
9.4050 	DATA 	Keypress: j
9.4708 	EXP 	Device response: <KeyPress from None: t=9.397672500000226, value=j, duration=0.07126859999971202>
9.6032 	EXP 	Device response: <KeyPress from None: t=9.593800900000133, value=j, duration=None>
9.6045 	DATA 	Keypress: j
9.6708 	EXP 	Device response: <KeyPress from None: t=9.593800900000133, value=j, duration=0.07056480000028387>
9.8032 	EXP 	Device response: <KeyPress from None: t=9.790510300000278, value=j, duration=None>
9.8044 	DATA 	Keypress: j
9.8709 	EXP 	Device response: <KeyPress from None: t=9.790510300000278, value=j, duration=0.07081910000033531>
10.0031 	EXP 	Device response: <KeyPress from None: t=9.990088300000025, value=j, duration=None>
10.0044 	DATA 	Keypress: j
10.0516 	EXP 	put_feedback_2: autoDraw = False
10.0516 	EXP 	blank_screen: autoDraw = True
10.0710 	EXP 	Device response: <KeyPress from None: t=9.990088300000025, value=j, duration=0.07933140000022831>
10.1854 	EXP 	Device response: <KeyPress from None: t=10.184381700000813, value=j, duration=None>
10.1862 	DATA 	Keypress: j
10.2858 	EXP 	Device response: <KeyPress from None: t=10.184381700000813, value=j, duration=0.08566519999931188>
10.4025 	EXP 	Device response: <KeyPress from None: t=10.39174230000026, value=j, duration=None>
10.4037 	DATA 	Keypress: j
10.4865 	EXP 	Device response: <KeyPress from None: t=10.39174230000026, value=j, duration=0.07793180000044231>
10.6037 	EXP 	Device response: <KeyPress from None: t=10.597668899999917, value=j, duration=None>
10.6058 	DATA 	Keypress: j
10.6870 	EXP 	Device response: <KeyPress from None: t=10.597668899999917, value=j, duration=0.08603410000068834>
10.8191 	EXP 	Device response: <KeyPress from None: t=10.810000600000421, value=j, duration=None>
10.8206 	DATA 	Keypress: j
10.9178 	EXP 	Device response: <KeyPress from None: t=10.810000600000421, value=j, duration=0.10137750000012602>
11.0344 	EXP 	New trial (rep=0, index=3): <Trial 3 (3 in rep 0) data={'task': 'color', 'word': 'self', 'color': 'red', 'font': 'Tahoma\xa0', 'correctresponse': 'redself', 'font_variable': '$font_main3', 'thisN': 3, 'thisTrialN': 3, 'thisRepN': 0}>
11.0358 	EXP 	Device response: <KeyPress from None: t=11.031611800000064, value=j, duration=None>
11.0398 	DATA 	Keypress: j
11.0503 	EXP 	blank_screen: autoDraw = False
11.0503 	EXP 	stimuli: foreColor = <psychopy.colors.Color: red, alpha=1.0>
11.0503 	EXP 	stimuli: text = 'self'
11.0503 	EXP 	stimuli: font = 'Tahoma\xa0'
11.0503 	EXP 	fix: autoDraw = True
11.1206 	EXP 	Device response: <KeyPress from None: t=11.031611800000064, value=j, duration=0.08611130000008416>
11.2684 	EXP 	Device response: <KeyPress from None: t=11.267075900000236, value=j, duration=None>
11.2698 	DATA 	Keypress: j
11.3685 	EXP 	Device response: <KeyPress from None: t=11.267075900000236, value=j, duration=0.0941395999998349>
11.4880 	EXP 	Device response: <KeyPress from None: t=11.484950900000513, value=j, duration=None>
11.4900 	DATA 	Keypress: j
11.5481 	INFO 	Keyboard events cleared
11.5475 	EXP 	fix: autoDraw = False
11.5475 	EXP 	stimuli: autoDraw = True
11.5475 	EXP 	stimuli: height = np.float64(0.25)
11.5475 	EXP 	stimuli: height = np.float64(0.25)
11.5475 	EXP 	stimuli: height = np.float64(0.25)
11.5475 	EXP 	stimuli: text = 'self'
11.5671 	EXP 	Device response: <KeyPress from None: t=11.484950900000513, value=j, duration=0.07887459999983548>
11.7008 	EXP 	Device response: <KeyPress from None: t=11.694660300000578, value=j, duration=None>
11.7042 	DATA 	Keypress: j
11.7167 	EXP 	fix: autoDraw = False
11.7167 	EXP 	stimuli: autoDraw = False
11.7167 	EXP 	put_feedback_2: text = 'Correct'
11.7167 	EXP 	put_feedback_2: autoDraw = True
11.7862 	EXP 	Device response: <KeyPress from None: t=11.694660300000578, value=j, duration=0.08563080000021728>
11.9166 	EXP 	Device response: <KeyPress from None: t=11.904586000000563, value=j, duration=None>
11.9180 	DATA 	Keypress: j
11.9843 	EXP 	Device response: <KeyPress from None: t=11.904586000000563, value=j, duration=0.07733809999990626>
12.1171 	EXP 	Device response: <KeyPress from None: t=12.10864600000059, value=j, duration=None>
12.1186 	DATA 	Keypress: j
12.2004 	EXP 	Device response: <KeyPress from None: t=12.10864600000059, value=j, duration=0.08622680000007676>
12.3333 	EXP 	Device response: <KeyPress from None: t=12.32661200000075, value=j, duration=None>
12.3347 	DATA 	Keypress: j
12.4336 	EXP 	Device response: <KeyPress from None: t=12.32661200000075, value=j, duration=0.09486719999949855>
12.5510 	EXP 	Device response: <KeyPress from None: t=12.542305900000429, value=j, duration=None>
12.5528 	DATA 	Keypress: j
12.6507 	EXP 	Device response: <KeyPress from None: t=12.542305900000429, value=j, duration=0.1009249999997337>
12.7311 	EXP 	put_feedback_2: autoDraw = False
12.7311 	EXP 	blank_screen: autoDraw = True
12.7821 	EXP 	Device response: <KeyPress from None: t=12.768362800000432, value=j, duration=None>
12.7833 	DATA 	Keypress: j
12.8659 	EXP 	Device response: <KeyPress from None: t=12.768362800000432, value=j, duration=0.08756639999955951>
12.9987 	EXP 	Device response: <KeyPress from None: t=12.983187100000578, value=j, duration=None>
12.9996 	DATA 	Keypress: j
13.0648 	EXP 	Device response: <KeyPress from None: t=12.983187100000578, value=j, duration=0.0790871999997762>
13.1989 	EXP 	Device response: <KeyPress from None: t=13.184140000000298, value=j, duration=None>
13.2001 	DATA 	Keypress: j
13.2654 	EXP 	Device response: <KeyPress from None: t=13.184140000000298, value=j, duration=0.07868810000036319>
13.3980 	EXP 	Device response: <KeyPress from None: t=13.389899100000548, value=j, duration=None>
13.3990 	DATA 	Keypress: j
13.4825 	EXP 	Device response: <KeyPress from None: t=13.389899100000548, value=j, duration=0.07916579999982787>
13.6147 	EXP 	Device response: <KeyPress from None: t=13.602371500000118, value=j, duration=None>
13.6157 	DATA 	Keypress: j
13.6990 	EXP 	Device response: <KeyPress from None: t=13.602371500000118, value=j, duration=0.08618610000030458>
13.7161 	EXP 	New trial (rep=0, index=4): <Trial 4 (4 in rep 0) data={'task': 'color', 'word': 'friend', 'color': 'blue', 'font': 'Arial', 'correctresponse': 'bluefriend', 'font_variable': '$font_main1', 'thisN': 4, 'thisTrialN': 4, 'thisRepN': 0}>
13.7448 	EXP 	blank_screen: autoDraw = False
13.7448 	EXP 	stimuli: foreColor = <psychopy.colors.Color: blue, alpha=1.0>
13.7448 	EXP 	stimuli: height = np.float64(0.25)
13.7448 	EXP 	stimuli: height = np.float64(0.25)
13.7448 	EXP 	stimuli: height = np.float64(0.25)
13.7448 	EXP 	stimuli: text = 'friend'
13.7448 	EXP 	stimuli: font = 'Arial'
13.7448 	EXP 	fix: autoDraw = True
13.8307 	EXP 	Device response: <KeyPress from None: t=13.819825600000513, value=j, duration=None>
13.8319 	DATA 	Keypress: j
13.9318 	EXP 	Device response: <KeyPress from None: t=13.819825600000513, value=j, duration=0.09566910000012285>
14.0348 	DATA 	Keypress: j
14.0494 	EXP 	Device response: <KeyPress from None: t=14.032772200000181, value=j, duration=None>
14.1474 	EXP 	Device response: <KeyPress from None: t=14.032772200000181, value=j, duration=0.10260480000033567>
14.2639 	EXP 	Device response: <KeyPress from None: t=14.258197699999982, value=j, duration=None>
14.2653 	DATA 	Keypress: j
14.3469 	EXP 	Device response: <KeyPress from None: t=14.258197699999982, value=j, duration=0.07864760000029491>
14.4830 	EXP 	Device response: <KeyPress from None: t=14.472371400000156, value=j, duration=None>
14.5072 	DATA 	Keypress: j
14.5282 	INFO 	Keyboard events cleared
14.5274 	EXP 	fix: autoDraw = False
14.5274 	EXP 	stimuli: autoDraw = True
14.5274 	EXP 	stimuli: height = np.float64(0.25)
14.5274 	EXP 	stimuli: height = np.float64(0.25)
14.5274 	EXP 	stimuli: height = np.float64(0.25)
14.5274 	EXP 	stimuli: text = 'friend'
14.5471 	EXP 	Device response: <KeyPress from None: t=14.472371400000156, value=j, duration=0.06888210000033723>
14.6803 	EXP 	Device response: <KeyPress from None: t=14.66470770000069, value=j, duration=None>
14.6976 	DATA 	Keypress: j
14.7103 	EXP 	fix: autoDraw = False
14.7103 	EXP 	stimuli: autoDraw = False
14.7103 	EXP 	put_feedback_2: height = np.float64(0.05)
14.7103 	EXP 	put_feedback_2: height = np.float64(0.05)
14.7103 	EXP 	put_feedback_2: height = np.float64(0.05)
14.7103 	EXP 	put_feedback_2: text = 'wrong'
14.7103 	EXP 	put_feedback_2: autoDraw = True
14.7464 	EXP 	Device response: <KeyPress from None: t=14.66470770000069, value=j, duration=0.07843789999969886>
14.8813 	EXP 	Device response: <KeyPress from None: t=14.875982500000646, value=j, duration=None>
14.8832 	DATA 	Keypress: j
14.9652 	EXP 	Device response: <KeyPress from None: t=14.875982500000646, value=j, duration=0.07896739999978308>
15.0809 	EXP 	Device response: <KeyPress from None: t=15.078250800000205, value=j, duration=None>
15.0824 	DATA 	Keypress: j
15.1808 	EXP 	Device response: <KeyPress from None: t=15.078250800000205, value=j, duration=0.09508050000022195>
15.3135 	EXP 	Device response: <KeyPress from None: t=15.303756199999953, value=j, duration=None>
15.3149 	DATA 	Keypress: j
15.3964 	EXP 	Device response: <KeyPress from None: t=15.303756199999953, value=j, duration=0.07778900000084832>
15.5170 	DATA 	Keypress: j
15.5314 	EXP 	Device response: <KeyPress from None: t=15.514407399999982, value=j, duration=None>
15.5949 	EXP 	Device response: <KeyPress from None: t=15.514407399999982, value=j, duration=0.07739740000033635>
15.7117 	EXP 	put_feedback_2: autoDraw = False
15.7117 	EXP 	blank_screen: autoDraw = True
15.7294 	EXP 	Device response: <KeyPress from None: t=15.71712590000061, value=j, duration=None>
15.7306 	DATA 	Keypress: j
15.8124 	EXP 	Device response: <KeyPress from None: t=15.71712590000061, value=j, duration=0.08650929999930668>
15.9459 	EXP 	Device response: <KeyPress from None: t=15.934823600000527, value=j, duration=None>
15.9473 	DATA 	Keypress: j
16.0281 	EXP 	Device response: <KeyPress from None: t=15.934823600000527, value=j, duration=0.08666720000019268>
16.1470 	EXP 	Device response: <KeyPress from None: t=16.13917010000023, value=j, duration=None>
16.1483 	DATA 	Keypress: j
16.2278 	EXP 	Device response: <KeyPress from None: t=16.13917010000023, value=j, duration=0.08495240000047488>
16.3637 	EXP 	Device response: <KeyPress from None: t=16.349701099999947, value=j, duration=None>
16.3657 	DATA 	Keypress: j
16.4604 	EXP 	Device response: <KeyPress from None: t=16.349701099999947, value=j, duration=0.10123760000078619>
16.5947 	EXP 	Device response: <KeyPress from None: t=16.584021500000745, value=j, duration=None>
16.5961 	DATA 	Keypress: j
16.7006 	EXP 	New trial (rep=0, index=5): <Trial 5 (5 in rep 0) data={'task': 'color', 'word': 'other', 'color': 'green', 'font': 'Arial', 'correctresponse': 'greenother', 'font_variable': '$font_main1', 'thisN': 5, 'thisTrialN': 5, 'thisRepN': 0}>
16.7012 	EXP 	Device response: <KeyPress from None: t=16.584021500000745, value=j, duration=0.10091239999928803>
16.7234 	EXP 	blank_screen: autoDraw = False
16.7234 	EXP 	stimuli: foreColor = <psychopy.colors.Color: green, alpha=1.0>
16.7234 	EXP 	stimuli: height = np.float64(0.25)
16.7234 	EXP 	stimuli: height = np.float64(0.25)
16.7234 	EXP 	stimuli: height = np.float64(0.25)
16.7234 	EXP 	stimuli: text = 'other'
16.7234 	EXP 	stimuli: font = 'Arial'
16.7234 	EXP 	fix: autoDraw = True
16.8265 	EXP 	Device response: <KeyPress from None: t=16.81526120000035, value=j, duration=None>
16.8275 	DATA 	Keypress: j
16.9111 	EXP 	Device response: <KeyPress from None: t=16.81526120000035, value=j, duration=0.08592289999978675>
17.0282 	EXP 	Device response: <KeyPress from None: t=17.02692780000052, value=j, duration=None>
17.0295 	DATA 	Keypress: j
17.1119 	EXP 	Device response: <KeyPress from None: t=17.02692780000052, value=j, duration=0.07786579999992682>
17.2446 	EXP 	Device response: <KeyPress from None: t=17.24134690000028, value=j, duration=None>
17.2463 	DATA 	Keypress: j
17.3273 	EXP 	Device response: <KeyPress from None: t=17.24134690000028, value=j, duration=0.07922000000053231>
17.4623 	EXP 	Device response: <KeyPress from None: t=17.44847740000023, value=j, duration=None>
17.4647 	DATA 	Keypress: j
17.5425 	EXP 	Device response: <KeyPress from None: t=17.44847740000023, value=j, duration=0.08714849999978469>
17.6752 	INFO 	Keyboard events cleared
17.6746 	EXP 	fix: autoDraw = False
17.6746 	EXP 	stimuli: autoDraw = True
17.6746 	EXP 	stimuli: height = np.float64(0.25)
17.6746 	EXP 	stimuli: height = np.float64(0.25)
17.6746 	EXP 	stimuli: height = np.float64(0.25)
17.6746 	EXP 	stimuli: text = 'other'
17.6919 	EXP 	Device response: <KeyPress from None: t=17.684655900000507, value=j, duration=None>
17.6944 	DATA 	Keypress: j
17.7079 	EXP 	fix: autoDraw = False
17.7079 	EXP 	stimuli: autoDraw = False
17.7079 	EXP 	put_feedback_2: text = 'wrong'
17.7079 	EXP 	put_feedback_2: autoDraw = True
17.7764 	EXP 	Device response: <KeyPress from None: t=17.684655900000507, value=j, duration=0.07813629999964178>
17.8924 	EXP 	Device response: <KeyPress from None: t=17.885664700000234, value=j, duration=None>
17.8936 	DATA 	Keypress: j
17.9757 	EXP 	Device response: <KeyPress from None: t=17.885664700000234, value=j, duration=0.07890640000005078>
18.0948 	EXP 	Device response: <KeyPress from None: t=18.089369799999986, value=j, duration=None>
18.0972 	DATA 	Keypress: j
18.1774 	EXP 	Device response: <KeyPress from None: t=18.089369799999986, value=j, duration=0.07932290000007924>
18.3079 	EXP 	Device response: <KeyPress from None: t=18.301281400000335, value=j, duration=None>
18.3091 	DATA 	Keypress: j
18.3915 	EXP 	Device response: <KeyPress from None: t=18.301281400000335, value=j, duration=0.08582730000034644>
18.5412 	EXP 	Device response: <KeyPress from None: t=18.537084400000822, value=j, duration=None>
18.5425 	DATA 	Keypress: j
18.6094 	EXP 	Device response: <KeyPress from None: t=18.537084400000822, value=j, duration=0.07078729999921052>
18.7240 	EXP 	put_feedback_2: autoDraw = False
18.7240 	EXP 	blank_screen: autoDraw = True
18.7418 	EXP 	Device response: <KeyPress from None: t=18.727863099999922, value=j, duration=None>
18.7429 	DATA 	Keypress: j
18.8249 	EXP 	Device response: <KeyPress from None: t=18.727863099999922, value=j, duration=0.09463500000038039>
18.9751 	EXP 	Device response: <KeyPress from None: t=18.9637029000005, value=j, duration=None>
18.9764 	DATA 	Keypress: j
19.0592 	EXP 	Device response: <KeyPress from None: t=18.9637029000005, value=j, duration=0.08632080000006681>
19.1908 	EXP 	Device response: <KeyPress from None: t=19.183406699999978, value=j, duration=None>
19.1920 	DATA 	Keypress: j
19.2748 	EXP 	Device response: <KeyPress from None: t=19.183406699999978, value=j, duration=0.08674280000013823>
19.4076 	EXP 	Device response: <KeyPress from None: t=19.404839200000424, value=j, duration=None>
19.4087 	DATA 	Keypress: j
19.5069 	EXP 	Device response: <KeyPress from None: t=19.404839200000424, value=j, duration=0.08592880000014702>
19.6251 	EXP 	Device response: <KeyPress from None: t=19.623577900000782, value=j, duration=None>
19.6265 	DATA 	Keypress: j
19.7065 	EXP 	New trial (rep=0, index=6): <Trial 6 (6 in rep 0) data={'task': 'color', 'word': 'self', 'color': 'red', 'font': 'Arial', 'correctresponse': 'redself', 'font_variable': '$font_main1', 'thisN': 6, 'thisTrialN': 6, 'thisRepN': 0}>
19.7370 	EXP 	blank_screen: autoDraw = False
19.7370 	EXP 	stimuli: foreColor = <psychopy.colors.Color: red, alpha=1.0>
19.7370 	EXP 	stimuli: height = np.float64(0.25)
19.7370 	EXP 	stimuli: height = np.float64(0.25)
19.7370 	EXP 	stimuli: height = np.float64(0.25)
19.7370 	EXP 	stimuli: text = 'self'
19.7370 	EXP 	stimuli: font = 'Arial'
19.7370 	EXP 	fix: autoDraw = True
19.7380 	EXP 	Device response: <KeyPress from None: t=19.623577900000782, value=j, duration=0.10288969999965047>
19.8733 	EXP 	Device response: <KeyPress from None: t=19.861975700000585, value=j, duration=None>
19.8744 	DATA 	Keypress: j
19.9559 	EXP 	Device response: <KeyPress from None: t=19.861975700000585, value=j, duration=0.08666989999983343>
20.0738 	EXP 	Device response: <KeyPress from None: t=20.067950999999994, value=j, duration=None>
20.0755 	DATA 	Keypress: j
20.1400 	EXP 	Device response: <KeyPress from None: t=20.067950999999994, value=j, duration=0.0705617000003258>
20.2759 	EXP 	Device response: <KeyPress from None: t=20.26824149999993, value=j, duration=None>
20.2783 	DATA 	Keypress: j
20.3732 	EXP 	Device response: <KeyPress from None: t=20.26824149999993, value=j, duration=0.09365410000009433>
20.4390 	INFO 	Keyboard events cleared
20.4383 	EXP 	fix: autoDraw = False
20.4383 	EXP 	stimuli: autoDraw = True
20.4383 	EXP 	stimuli: height = np.float64(0.25)
20.4383 	EXP 	stimuli: height = np.float64(0.25)
20.4383 	EXP 	stimuli: height = np.float64(0.25)
20.4383 	EXP 	stimuli: text = 'self'
20.5052 	EXP 	Device response: <KeyPress from None: t=20.49142280000069, value=j, duration=None>
20.5149 	DATA 	Keypress: j
20.5208 	EXP 	fix: autoDraw = False
20.5208 	EXP 	stimuli: autoDraw = False
20.5208 	EXP 	put_feedback_2: height = np.float64(0.05)
20.5208 	EXP 	put_feedback_2: height = np.float64(0.05)
20.5208 	EXP 	put_feedback_2: height = np.float64(0.05)
20.5208 	EXP 	put_feedback_2: text = 'Correct'
20.5208 	EXP 	put_feedback_2: autoDraw = True
20.5883 	EXP 	Device response: <KeyPress from None: t=20.49142280000069, value=j, duration=0.08645489999980782>
20.7222 	EXP 	Device response: <KeyPress from None: t=20.70957660000022, value=j, duration=None>
20.7236 	DATA 	Keypress: j
20.8061 	EXP 	Device response: <KeyPress from None: t=20.70957660000022, value=j, duration=0.0932119999997667>
20.9387 	EXP 	Device response: <KeyPress from None: t=20.929342200000065, value=j, duration=None>
20.9401 	DATA 	Keypress: j
21.0244 	EXP 	Device response: <KeyPress from None: t=20.929342200000065, value=j, duration=0.08624330000020564>
21.1555 	EXP 	Device response: <KeyPress from None: t=21.151001800000813, value=j, duration=None>
21.1572 	DATA 	Keypress: j
21.2541 	EXP 	Device response: <KeyPress from None: t=21.151001800000813, value=j, duration=0.0944601999999577>
21.3891 	EXP 	Device response: <KeyPress from None: t=21.381791600000724, value=j, duration=None>
21.3909 	DATA 	Keypress: j
21.4707 	EXP 	Device response: <KeyPress from None: t=21.381791600000724, value=j, duration=0.08623529999931634>
21.5364 	EXP 	put_feedback_2: autoDraw = False
21.5364 	EXP 	blank_screen: autoDraw = True
21.6049 	EXP 	Device response: <KeyPress from None: t=21.599920100000418, value=j, duration=None>
21.6061 	DATA 	Keypress: j
21.7047 	EXP 	Device response: <KeyPress from None: t=21.599920100000418, value=j, duration=0.09476949999952922>
21.8379 	EXP 	Device response: <KeyPress from None: t=21.824723300000187, value=j, duration=None>
21.8393 	DATA 	Keypress: j
21.9206 	EXP 	Device response: <KeyPress from None: t=21.824723300000187, value=j, duration=0.0863100000005943>
22.0533 	EXP 	Device response: <KeyPress from None: t=22.047163700000056, value=j, duration=None>
22.0542 	DATA 	Keypress: j
22.1535 	EXP 	Device response: <KeyPress from None: t=22.047163700000056, value=j, duration=0.101103900000453>
22.2886 	EXP 	Device response: <KeyPress from None: t=22.28666610000073, value=j, duration=None>
22.2898 	DATA 	Keypress: j
22.3869 	EXP 	Device response: <KeyPress from None: t=22.28666610000073, value=j, duration=0.08680749999984982>
22.5187 	EXP 	New trial (rep=0, index=7): <Trial 7 (7 in rep 0) data={'task': 'color', 'word': 'friend', 'color': 'blue', 'font': 'Verdana', 'correctresponse': 'bluefriend', 'font_variable': '$font_main2', 'thisN': 7, 'thisTrialN': 7, 'thisRepN': 0}>
22.5198 	EXP 	Device response: <KeyPress from None: t=22.50337690000015, value=j, duration=None>
22.5292 	DATA 	Keypress: j
22.5349 	EXP 	blank_screen: autoDraw = False
22.5349 	EXP 	stimuli: foreColor = <psychopy.colors.Color: blue, alpha=1.0>
22.5349 	EXP 	stimuli: height = np.float64(0.25)
22.5349 	EXP 	stimuli: height = np.float64(0.25)
22.5349 	EXP 	stimuli: height = np.float64(0.25)
22.5349 	EXP 	stimuli: text = 'friend'
22.5349 	EXP 	stimuli: font = 'Verdana'
22.5349 	EXP 	fix: autoDraw = True
22.6031 	EXP 	Device response: <KeyPress from None: t=22.50337690000015, value=j, duration=0.09378389999983483>
22.7554 	EXP 	Device response: <KeyPress from None: t=22.747343300000466, value=j, duration=None>
22.7569 	DATA 	Keypress: j
22.8355 	EXP 	Device response: <KeyPress from None: t=22.747343300000466, value=j, duration=0.07719939999969938>
22.9529 	EXP 	Device response: <KeyPress from None: t=22.944590100000823, value=j, duration=None>
22.9543 	DATA 	Keypress: j
23.0333 	INFO 	Keyboard events cleared
23.0326 	EXP 	fix: autoDraw = False
23.0326 	EXP 	stimuli: autoDraw = True
23.0326 	EXP 	stimuli: height = np.float64(0.25)
23.0326 	EXP 	stimuli: height = np.float64(0.25)
23.0326 	EXP 	stimuli: height = np.float64(0.25)
23.0326 	EXP 	stimuli: text = 'friend'
23.1864 	EXP 	Device response: <KeyPress from None: t=23.176679400000467, value=j, duration=None>
23.1969 	DATA 	Keypress: j
23.2155 	EXP 	fix: autoDraw = False
23.2155 	EXP 	stimuli: autoDraw = False
23.2155 	EXP 	put_feedback_2: height = np.float64(0.05)
23.2155 	EXP 	put_feedback_2: height = np.float64(0.05)
23.2155 	EXP 	put_feedback_2: height = np.float64(0.05)
23.2155 	EXP 	put_feedback_2: text = 'wrong'
23.2155 	EXP 	put_feedback_2: autoDraw = True
23.2686 	EXP 	Device response: <KeyPress from None: t=22.944590100000823, value=j, duration=0.3180557999994562>
23.4044 	EXP 	Device response: <KeyPress from None: t=23.39716910000061, value=j, duration=None>
23.4059 	DATA 	Keypress: j
23.4855 	EXP 	Device response: <KeyPress from None: t=23.176679400000467, value=j, duration=0.30652999999983876>
23.6370 	EXP 	Device response: <KeyPress from None: t=23.630416300000434, value=j, duration=None>
23.6384 	DATA 	Keypress: j
23.7177 	EXP 	Device response: <KeyPress from None: t=23.39716910000061, value=j, duration=0.31904279999980645>
23.8696 	EXP 	Device response: <KeyPress from None: t=23.866389200000413, value=j, duration=None>
23.8714 	DATA 	Keypress: j
23.9679 	EXP 	Device response: <KeyPress from None: t=23.630416300000434, value=j, duration=0.3295545000000857>
24.1015 	DATA 	Keypress: j
24.1172 	EXP 	Device response: <KeyPress from None: t=24.10052790000009, value=j, duration=None>
24.2010 	EXP 	Device response: <KeyPress from None: t=23.866389200000413, value=j, duration=0.3299717999998393>
24.2162 	EXP 	put_feedback_2: autoDraw = False
24.2162 	EXP 	blank_screen: autoDraw = True
24.3502 	EXP 	Device response: <KeyPress from None: t=24.34320210000078, value=j, duration=None>
24.3512 	DATA 	Keypress: j
24.4501 	EXP 	Device response: <KeyPress from None: t=24.10052790000009, value=j, duration=0.33754099999987375>
24.5850 	EXP 	Device response: <KeyPress from None: t=24.573936600000707, value=j, duration=None>
24.5865 	DATA 	Keypress: j
24.6676 	EXP 	Device response: <KeyPress from None: t=24.34320210000078, value=j, duration=0.3177477999997791>
24.8163 	EXP 	Device response: <KeyPress from None: t=24.80809860000045, value=j, duration=None>
24.8172 	DATA 	Keypress: j
24.9333 	EXP 	Device response: <KeyPress from None: t=24.573936600000707, value=j, duration=0.35204159999921103>
25.1008 	EXP 	Device response: <KeyPress from None: t=25.086238000000776, value=j, duration=None>
25.1025 	DATA 	Keypress: j
25.1986 	EXP 	New trial (rep=0, index=8): <Trial 8 (8 in rep 0) data={'task': 'color', 'word': 'other', 'color': 'green', 'font': 'Tahoma\xa0', 'correctresponse': 'greenother', 'font_variable': '$font_main3', 'thisN': 8, 'thisTrialN': 8, 'thisRepN': 0}>
25.1996 	EXP 	Device response: <KeyPress from None: t=24.80809860000045, value=j, duration=0.3797114999997575>
25.2297 	EXP 	blank_screen: autoDraw = False
25.2297 	EXP 	stimuli: foreColor = <psychopy.colors.Color: green, alpha=1.0>
25.2297 	EXP 	stimuli: height = np.float64(0.25)
25.2297 	EXP 	stimuli: height = np.float64(0.25)
25.2297 	EXP 	stimuli: height = np.float64(0.25)
25.2297 	EXP 	stimuli: text = 'other'
25.2297 	EXP 	stimuli: font = 'Tahoma\xa0'
25.2297 	EXP 	fix: autoDraw = True
25.3657 	EXP 	Device response: <KeyPress from None: t=25.35026890000063, value=j, duration=None>
25.3671 	DATA 	Keypress: j
25.4326 	EXP 	Device response: <KeyPress from None: t=25.086238000000776, value=j, duration=0.34313599999950384>
25.5819 	EXP 	Device response: <KeyPress from None: t=25.56780660000004, value=j, duration=None>
25.5831 	DATA 	Keypress: j
25.6815 	EXP 	Device response: <KeyPress from None: t=25.35026890000063, value=j, duration=0.3193229999997129>
25.8144 	EXP 	Device response: <KeyPress from None: t=25.801505600000382, value=j, duration=None>
25.8247 	DATA 	Keypress: j
25.8312 	INFO 	Keyboard events cleared
25.8306 	EXP 	fix: autoDraw = False
25.8306 	EXP 	stimuli: autoDraw = True
25.8306 	EXP 	stimuli: height = np.float64(0.25)
25.8306 	EXP 	stimuli: height = np.float64(0.25)
25.8306 	EXP 	stimuli: height = np.float64(0.25)
25.8306 	EXP 	stimuli: text = 'other'
25.8990 	EXP 	Device response: <KeyPress from None: t=25.56780660000004, value=j, duration=0.3202799999999115>
26.0317 	EXP 	Device response: <KeyPress from None: t=26.030459300000075, value=j, duration=None>
26.0348 	DATA 	Keypress: j
26.0473 	EXP 	fix: autoDraw = False
26.0473 	EXP 	stimuli: autoDraw = False
26.0473 	EXP 	put_feedback_2: text = 'wrong'
26.0473 	EXP 	put_feedback_2: autoDraw = True
26.1316 	EXP 	Device response: <KeyPress from None: t=25.801505600000382, value=j, duration=0.3235994999995455>
26.2643 	EXP 	Device response: <KeyPress from None: t=26.25936510000065, value=j, duration=None>
26.2655 	DATA 	Keypress: j
26.3655 	EXP 	Device response: <KeyPress from None: t=26.030459300000075, value=j, duration=0.32336300000042684>
26.4988 	EXP 	Device response: <KeyPress from None: t=26.4932787000007, value=j, duration=None>
26.5006 	DATA 	Keypress: j
26.5822 	EXP 	Device response: <KeyPress from None: t=26.25936510000065, value=j, duration=0.31981699999960256>
26.7501 	EXP 	Device response: <KeyPress from None: t=26.736920100000134, value=j, duration=None>
26.7524 	DATA 	Keypress: j
26.8470 	EXP 	Device response: <KeyPress from None: t=26.4932787000007, value=j, duration=0.3454580999996324>
26.9810 	EXP 	Device response: <KeyPress from None: t=26.9702470000002, value=j, duration=None>
26.9825 	DATA 	Keypress: j
27.0625 	EXP 	put_feedback_2: autoDraw = False
27.0625 	EXP 	blank_screen: autoDraw = True
27.0807 	EXP 	Device response: <KeyPress from None: t=26.736920100000134, value=j, duration=0.3422670999998445>
27.2473 	EXP 	Device response: <KeyPress from None: t=27.23598800000036, value=j, duration=None>
27.2485 	DATA 	Keypress: j
27.3310 	EXP 	Device response: <KeyPress from None: t=26.9702470000002, value=j, duration=0.35925589999988006>
27.4812 	EXP 	Device response: <KeyPress from None: t=27.465966000000662, value=j, duration=None>
27.4827 	DATA 	Keypress: j
27.5813 	EXP 	Device response: <KeyPress from None: t=27.23598800000036, value=j, duration=0.34037350000016886>
27.7199 	EXP 	Device response: <KeyPress from None: t=27.716787100000147, value=j, duration=None>
27.7212 	DATA 	Keypress: j
27.8449 	EXP 	Device response: <KeyPress from None: t=27.465966000000662, value=j, duration=0.3689974999997503>
27.9797 	EXP 	Device response: <KeyPress from None: t=27.965699700000187, value=j, duration=None>
27.9808 	DATA 	Keypress: j
28.0500 	EXP 	New trial (rep=1, index=0): <Trial 1 (0 in rep 1) data={'thisN': 1, 'thisTrialN': 0, 'thisRepN': 1}>
28.0630 	INFO 	Keyboard events cleared
28.0623 	EXP 	blank_screen: autoDraw = False
28.0623 	EXP 	text_instructions: text = 'In the following task, you will need to report the color of the word.\nIf the word is presented in red, press j\nIf the word is presented in blue, press k\nIf the word is presented in green, press l\n\npress the space key to start'
28.0623 	EXP 	text_instructions: autoDraw = True
28.0973 	EXP 	Device response: <KeyPress from None: t=27.716787100000147, value=j, duration=0.36736460000065563>
28.2300 	EXP 	Device response: <KeyPress from None: t=28.22005370000079, value=j, duration=None>
28.2323 	DATA 	Keypress: j
28.3147 	EXP 	Device response: <KeyPress from None: t=27.965699700000187, value=j, duration=0.3476424999998926>
28.4454 	EXP 	Device response: <KeyPress from None: t=28.444506900000306, value=j, duration=None>
28.4463 	DATA 	Keypress: j
28.5623 	EXP 	Device response: <KeyPress from None: t=28.22005370000079, value=j, duration=0.3277068999996118>
28.6797 	EXP 	Device response: <KeyPress from None: t=28.673632400000315, value=j, duration=None>
28.6829 	DATA 	Keypress: j
28.7785 	EXP 	Device response: <KeyPress from None: t=28.444506900000306, value=j, duration=0.33116549999976996>
29.3452 	EXP 	Device response: <KeyPress from None: t=29.33041400000002, value=j, duration=None>
29.3476 	DATA 	Keypress: j
29.4113 	EXP 	Device response: <KeyPress from None: t=28.673632400000315, value=j, duration=0.7365263000001505>
29.5954 	EXP 	Device response: <KeyPress from None: t=29.587857100000292, value=j, duration=None>
29.5973 	DATA 	Keypress: j
29.6777 	EXP 	Device response: <KeyPress from None: t=29.33041400000002, value=j, duration=0.3361744000003455>
30.3760 	EXP 	Device response: <KeyPress from None: t=30.371409200000016, value=space, duration=None>
30.3885 	EXP 	Imported trials_color.xlsx as conditions, 9 conditions, 6 params
30.3889 	EXP 	New trial (rep=0, index=0): <Trial 0 (0 in rep 0) data={'task': 'color', 'word': 'other', 'color': 'green', 'font': 'Arial', 'correctresponse': 'greenother', 'font_variable': '$font_main1', 'thisN': 0, 'thisTrialN': 0, 'thisRepN': 0}>
30.3922 	DATA 	Keypress: space
30.4058 	EXP 	text_instructions: autoDraw = False
30.4058 	EXP 	stimuli: foreColor = <psychopy.colors.Color: green, alpha=1.0>
30.4058 	EXP 	stimuli: text = 'other'
30.4058 	EXP 	stimuli: font = 'Arial'
30.4058 	EXP 	fix: autoDraw = True
30.4759 	EXP 	Device response: <KeyPress from None: t=30.371409200000016, value=space, duration=0.10242999999991298>
31.3887 	INFO 	Keyboard events cleared
31.3881 	EXP 	fix: autoDraw = False
31.3881 	EXP 	stimuli: autoDraw = True
31.3881 	EXP 	stimuli: height = np.float64(0.25)
31.3881 	EXP 	stimuli: height = np.float64(0.25)
31.3881 	EXP 	stimuli: height = np.float64(0.25)
31.3881 	EXP 	stimuli: text = 'other'
31.7239 	EXP 	Device response: <KeyPress from None: t=31.71981450000021, value=j, duration=None>
31.7276 	DATA 	Keypress: j
31.7394 	EXP 	fix: autoDraw = False
31.7394 	EXP 	stimuli: autoDraw = False
31.7394 	EXP 	put_feedback_2: text = 'wrong'
31.7394 	EXP 	put_feedback_2: autoDraw = True
31.7394 	EXP 	put_feedback_2: autoDraw = False
31.7394 	EXP 	blank_screen: autoDraw = True
31.8080 	EXP 	Device response: <KeyPress from None: t=29.587857100000292, value=j, duration=2.204641299999821>
32.7232 	EXP 	New trial (rep=0, index=1): <Trial 1 (1 in rep 0) data={'task': 'color', 'word': 'self', 'color': 'red', 'font': 'Verdana', 'correctresponse': 'redself', 'font_variable': '$font_main2', 'thisN': 1, 'thisTrialN': 1, 'thisRepN': 0}>
32.7529 	EXP 	blank_screen: autoDraw = False
32.7529 	EXP 	blank_screen: autoDraw = False
32.7529 	EXP 	stimuli: foreColor = <psychopy.colors.Color: red, alpha=1.0>
32.7529 	EXP 	stimuli: height = np.float64(0.25)
32.7529 	EXP 	stimuli: height = np.float64(0.25)
32.7529 	EXP 	stimuli: height = np.float64(0.25)
32.7529 	EXP 	stimuli: text = 'self'
32.7529 	EXP 	stimuli: font = 'Verdana'
32.7529 	EXP 	fix: autoDraw = True
33.3862 	INFO 	Keyboard events cleared
33.3856 	EXP 	fix: autoDraw = False
33.3856 	EXP 	stimuli: autoDraw = True
33.3856 	EXP 	stimuli: height = np.float64(0.25)
33.3856 	EXP 	stimuli: height = np.float64(0.25)
33.3856 	EXP 	stimuli: height = np.float64(0.25)
33.3856 	EXP 	stimuli: text = 'self'
33.8202 	EXP 	Device response: <KeyPress from None: t=33.812569700000495, value=escape, duration=None>
33.8214 	DATA 	Keypress: escape
33.9200 	EXP 	Device response: <KeyPress from None: t=33.812569700000495, value=escape, duration=0.10143020000032266>
33.9204 	EXP 	alej_colour_self_friend_other: status = STOPPED
33.9358 	EXP 	stimuli: autoDraw = False
33.9359 	EXP 	alej_colour_self_friend_other: status = STOPPED
33.9595 	INFO 	saved data to 'C:\\Users\\Matt\\gits\\alej_colour_self_friend_other\\data\\100146_alej_colour_self_friend_other_2025-11-18_12h27.56.146.csv'
33.9605 	INFO 	saved data to C:\Users\Matt\gits\alej_colour_self_friend_other\data\100146_alej_colour_self_friend_other_2025-11-18_12h27.56.146.psydat
