5.6593 	DEBUG 	Fullscreen settings ignored as running in pilot mode.
5.6600 	INFO 	Loaded monitor calibration from ['2025_06_03 17:22']
5.8522 	EXP 	Created window1 = Window(allowGUI=False, allowStencil=False, autoLog=True, backendConf=UNKNOWN, backgroundFit=<method-wrapper '__getattribute__' of attributeSetter object at 0x000001B4E2F7AB90>, backgroundImage=<method-wrapper '__getattribute__' of attributeSetter object at 0x000001B4E2F7AB30>, bitsMode=UNKNOWN, blendMode='avg', bpc=(8, 8, 8), color=array([1., 1., 1.]), colorSpace='rgb', depthBits=8, fullscr=False, gamma=None, gammaErrorPolicy='raise', infoMsg=UNKNOWN, lms=UNKNOWN, monitor=<psychopy.monitors.calibTools.Monitor object at 0x000001B4E303CBB0>, multiSample=False, name='window1', numSamples=2, pos=[880.0, 500.0], screen=0, size=array([800, 600]), stencilBits=0, stereo=False, title='PsychoPy', units='height', useFBO=True, useRetina=False, viewOri=0.0, viewPos=None, viewScale=None, waitBlanking=True, winType='pyglet')
5.8523 	EXP 	window1: backgroundImage = ''
5.8523 	EXP 	window1: backgroundFit = 'none'
5.8584 	DEBUG 	TextBox2 loaded 1 chars with 0 blanks and 1 valid
5.8589 	DEBUG 	TextBox2 loaded 1 chars with 0 blanks and 1 valid
5.8594 	DEBUG 	TextBox2 loaded 1 chars with 0 blanks and 1 valid
5.8602 	DEBUG 	TextBox2 loaded 1 chars with 0 blanks and 1 valid
5.8608 	DEBUG 	TextBox2 loaded 1 chars with 0 blanks and 1 valid
5.8612 	DEBUG 	TextBox2 loaded 1 chars with 0 blanks and 1 valid
5.8617 	DEBUG 	TextBox2 loaded 1 chars with 0 blanks and 1 valid
5.8623 	DEBUG 	TextBox2 loaded 1 chars with 0 blanks and 1 valid
5.8626 	DEBUG 	TextBox2 loaded 1 chars with 0 blanks and 1 valid
5.8629 	DEBUG 	TextBox2 loaded 1 chars with 0 blanks and 1 valid
5.8634 	DEBUG 	TextBox2 loaded 1 chars with 0 blanks and 1 valid
5.8640 	DEBUG 	TextBox2 loaded 1 chars with 0 blanks and 1 valid
5.8645 	DEBUG 	TextBox2 loaded 1 chars with 0 blanks and 1 valid
5.8651 	DEBUG 	TextBox2 loaded 1 chars with 0 blanks and 1 valid
5.8655 	DEBUG 	TextBox2 loaded 1 chars with 0 blanks and 1 valid
5.8660 	DEBUG 	TextBox2 loaded 1 chars with 0 blanks and 1 valid
5.8666 	DEBUG 	TextBox2 loaded 1 chars with 0 blanks and 1 valid
5.8669 	DEBUG 	TextBox2 loaded 1 chars with 0 blanks and 1 valid
5.8673 	DEBUG 	TextBox2 loaded 1 chars with 0 blanks and 1 valid
5.8679 	DEBUG 	TextBox2 loaded 1 chars with 0 blanks and 1 valid
5.8683 	DEBUG 	TextBox2 loaded 1 chars with 0 blanks and 1 valid
5.8685 	DEBUG 	Uploading Texture Font fontname to graphics card
5.8728 	DEBUG 	Upload of Texture Font fontname complete
5.8777 	DEBUG 	TextBox2 loaded 1 chars with 0 blanks and 1 valid
5.8792 	DEBUG 	TextBox2 loaded 1 chars with 0 blanks and 1 valid
5.8806 	DEBUG 	TextBox2 loaded 1 chars with 0 blanks and 1 valid
5.8809 	DEBUG 	Uploading Texture Font fontname to graphics card
5.8849 	DEBUG 	Upload of Texture Font fontname complete
5.8863 	EXP 	window1: Attempting to measure frame rate of screen (0) ...
5.8863 	EXP 	window1: recordFrameIntervals = False
5.9526 	EXP 	window1: recordFrameIntervals = True
6.0194 	EXP 	Screen (0) actual frame rate measured at 164.18Hz
6.0194 	EXP 	window1: recordFrameIntervals = False
6.0234 	DEBUG 	TextBox2 loaded 1 chars with 0 blanks and 1 valid
6.0238 	DEBUG 	TextBox2 loaded 1 chars with 0 blanks and 1 valid
6.0244 	DEBUG 	TextBox2 loaded 1 chars with 0 blanks and 1 valid
6.0251 	DEBUG 	TextBox2 loaded 1 chars with 0 blanks and 1 valid
6.0258 	DEBUG 	TextBox2 loaded 1 chars with 0 blanks and 1 valid
6.0265 	DEBUG 	TextBox2 loaded 1 chars with 0 blanks and 1 valid
6.0268 	DEBUG 	TextBox2 loaded 1 chars with 0 blanks and 1 valid
6.0275 	DEBUG 	TextBox2 loaded 1 chars with 0 blanks and 1 valid
6.0281 	DEBUG 	TextBox2 loaded 1 chars with 0 blanks and 1 valid
6.0288 	DEBUG 	TextBox2 loaded 1 chars with 0 blanks and 1 valid
6.0290 	DEBUG 	Uploading Texture Font fontname to graphics card
6.0296 	DEBUG 	Upload of Texture Font fontname complete
6.0414 	WARNING 	launchHubServer: If using the iohub mouse or eyetracker devices, fullScr should be True.
8.0216 	INFO 	keyboard.Keyboard is using iohub backend.
8.0217 	INFO 	keyboard.Keyboard is using iohub backend.
8.0218 	INFO 	keyboard.Keyboard is using iohub backend.
8.0218 	INFO 	keyboard.Keyboard is using iohub backend.
8.0219 	INFO 	keyboard.Keyboard is using iohub backend.
8.0219 	EXP 	Self: status = STARTED
8.0792 	EXP 	Created welcome_text = TextStim(__class__=<class 'psychopy.visual.text.TextStim'>, alignHoriz=method-wrapper(...), alignText='center', alignVert=method-wrapper(...), anchorHoriz='center', anchorVert='center', antialias=True, autoDraw=False, autoLog=True, bold=False, color=array([-1., -1., -1.]), colorSpace='rgb', contrast=1.0, depth=0.0, draggable=False, flipHoriz=False, flipVert=False, font='Arial', fontFiles=[], height=0.05, italic=False, languageStyle='LTR', name='welcome_text', opacity=1, ori=0.0, pos=array([0., 0.]), rgb=UNKNOWN, text=str(...), units='height', win=Window(...), wrapWidth=1)
8.0798 	EXP 	Created text_instructions = TextStim(__class__=<class 'psychopy.visual.text.TextStim'>, alignHoriz=method-wrapper(...), alignText='center', alignVert=method-wrapper(...), anchorHoriz='center', anchorVert='center', antialias=True, autoDraw=False, autoLog=True, bold=False, color=array([-1., -1., -1.]), colorSpace='rgb', contrast=1.0, depth=0.0, draggable=False, flipHoriz=False, flipVert=False, font='Arial', fontFiles=[], height=0.05, italic=False, languageStyle='LTR', name='text_instructions', opacity=1, ori=0.0, pos=array([0., 0.]), rgb=UNKNOWN, text='', units='height', win=Window(...), wrapWidth=1)
8.0831 	EXP 	Created fix = TextStim(__class__=<class 'psychopy.visual.text.TextStim'>, alignHoriz=method-wrapper(...), alignText='center', alignVert=method-wrapper(...), anchorHoriz='center', anchorVert='center', antialias=True, autoDraw=False, autoLog=True, bold=False, color=array([1., 1., 1.]), colorSpace='rgb', contrast=1.0, depth=0.0, draggable=False, flipHoriz=False, flipVert=False, font='Arial', fontFiles=[], height=0.05, italic=False, languageStyle='LTR', name='fix', opacity=1, ori=0.0, pos=array([0., 0.]), rgb=UNKNOWN, text='Any text\n\nincluding line breaks', units='height', win=Window(...), wrapWidth=1)
8.0838 	EXP 	Created stimuli = TextStim(__class__=<class 'psychopy.visual.text.TextStim'>, alignHoriz=method-wrapper(...), alignText='center', alignVert=method-wrapper(...), anchorHoriz='center', anchorVert='center', antialias=True, autoDraw=False, autoLog=True, bold=False, color=array([1., 1., 1.]), colorSpace='rgb', contrast=1.0, depth=-1.0, draggable=False, flipHoriz=False, flipVert=False, font='Arial', fontFiles=[], height=0.05, italic=False, languageStyle='LTR', name='stimuli', opacity=1, ori=0.0, pos=array([0., 0.]), rgb=UNKNOWN, text='', units='height', win=Window(...), wrapWidth=1)
8.0860 	EXP 	Created goodbye_text = TextStim(__class__=<class 'psychopy.visual.text.TextStim'>, alignHoriz=method-wrapper(...), alignText='center', alignVert=method-wrapper(...), anchorHoriz='center', anchorVert='center', antialias=True, autoDraw=False, autoLog=True, bold=False, color=array([-1., -1., -1.]), colorSpace='rgb', contrast=1.0, depth=0.0, draggable=False, flipHoriz=False, flipVert=False, font='Arial', fontFiles=[], height=0.05, italic=False, languageStyle='LTR', name='goodbye_text', opacity=1, ori=0.0, pos=array([0., 0.]), rgb=UNKNOWN, text='Thanks for participating! ', units='height', win=Window(...), wrapWidth=1)
0.0006 	DATA 	Keypress: space
0.0116 	INFO 	Keyboard events cleared
0.0114 	EXP 	welcome_text: autoDraw = True
1.2254 	DEBUG 	Read excel file with openpyxl: lists/blocks.xlsx
1.2255 	EXP 	Imported lists/blocks.xlsx as conditions, 2 conditions, 2 params
1.2258 	EXP 	New trial (rep=0, index=0): <Trial 0 (0 in rep 0) data={'task': 'identity', 'ins': 'In the following task, you will need to report the identity of the word. \n- If the word is self, press j\n- If the word is friend, press k\n- If the word is other, press l\n\npress the space key to start', 'thisN': 0, 'thisTrialN': 0, 'thisRepN': 0}>
1.2362 	DATA 	Keypress: space
1.2418 	INFO 	Keyboard events cleared
1.2416 	EXP 	welcome_text: autoDraw = False
1.2416 	EXP 	text_instructions: height = 0.05
1.2416 	EXP 	text_instructions: height = 0.05
1.2416 	EXP 	text_instructions: height = 0.05
1.2416 	EXP 	text_instructions: text = 'In the following task, you will need to report the identity of the word. \n- If the word is self, press j\n- If the word is friend, press k\n- If the word is other, press l\n\npress the space key to start'
1.2416 	EXP 	text_instructions: autoDraw = True
2.1648 	DATA 	Keypress: j
2.6622 	DATA 	Keypress: space
2.6704 	DEBUG 	Read excel file with openpyxl: lists/trials.xlsx
2.6705 	EXP 	Imported lists/trials.xlsx as conditions, 3 conditions, 2 params
2.6707 	EXP 	New trial (rep=0, index=0): <Trial 0 (0 in rep 0) data={'word': 'friend', 'color': 'blue', 'thisN': 0, 'thisTrialN': 0, 'thisRepN': 0}>
2.6771 	EXP 	text_instructions: autoDraw = False
2.6771 	EXP 	stimuli: foreColor = <psychopy.colors.Color: blue, alpha=1.0>
2.6771 	EXP 	stimuli: height = 0.05
2.6771 	EXP 	stimuli: height = 0.05
2.6771 	EXP 	stimuli: height = 0.05
2.6771 	EXP 	stimuli: text = 'friend'
2.6771 	EXP 	fix: autoDraw = True
3.1566 	INFO 	Keyboard events cleared
3.1564 	EXP 	stimuli: autoDraw = True
3.1685 	EXP 	fix: autoDraw = False
4.6607 	EXP 	New trial (rep=0, index=1): <Trial 1 (1 in rep 0) data={'word': 'self', 'color': 'red', 'thisN': 1, 'thisTrialN': 1, 'thisRepN': 0}>
4.6626 	DATA 	Keypress: j
4.6655 	EXP 	fix: autoDraw = False
4.6655 	EXP 	stimuli: autoDraw = False
4.6655 	EXP 	stimuli: foreColor = <psychopy.colors.Color: red, alpha=1.0>
4.6655 	EXP 	stimuli: height = 0.05
4.6655 	EXP 	stimuli: height = 0.05
4.6655 	EXP 	stimuli: height = 0.05
4.6655 	EXP 	stimuli: text = 'self'
4.6655 	EXP 	fix: autoDraw = True
5.1502 	INFO 	Keyboard events cleared
5.1500 	EXP 	stimuli: autoDraw = True
5.1558 	EXP 	fix: autoDraw = False
5.6726 	EXP 	New trial (rep=0, index=2): <Trial 2 (2 in rep 0) data={'word': 'other', 'color': 'green', 'thisN': 2, 'thisTrialN': 2, 'thisRepN': 0}>
5.6743 	DATA 	Keypress: j
5.6770 	EXP 	fix: autoDraw = False
5.6770 	EXP 	stimuli: autoDraw = False
5.6770 	EXP 	stimuli: foreColor = <psychopy.colors.Color: green, alpha=1.0>
5.6770 	EXP 	stimuli: height = 0.05
5.6770 	EXP 	stimuli: height = 0.05
5.6770 	EXP 	stimuli: height = 0.05
5.6770 	EXP 	stimuli: text = 'other'
5.6770 	EXP 	fix: autoDraw = True
6.1619 	INFO 	Keyboard events cleared
6.1617 	EXP 	stimuli: autoDraw = True
6.1681 	EXP 	fix: autoDraw = False
6.3760 	EXP 	New trial (rep=0, index=1): <Trial 1 (1 in rep 0) data={'task': 'color', 'ins': 'In the following task, you will need to report the color of the word. \n- If the word is presented in blue, press j\n- If the word is presented in red, press k\n- If the word is presented in green, press l\n\npress the space key to start', 'thisN': 1, 'thisTrialN': 1, 'thisRepN': 0}>
6.3816 	DATA 	Keypress: j
6.3859 	INFO 	Keyboard events cleared
6.3857 	EXP 	fix: autoDraw = False
6.3857 	EXP 	stimuli: autoDraw = False
6.3857 	EXP 	text_instructions: height = 0.05
6.3857 	EXP 	text_instructions: height = 0.05
6.3857 	EXP 	text_instructions: height = 0.05
6.3857 	EXP 	text_instructions: text = 'In the following task, you will need to report the color of the word. \n- If the word is presented in blue, press j\n- If the word is presented in red, press k\n- If the word is presented in green, press l\n\npress the space key to start'
6.3857 	EXP 	text_instructions: autoDraw = True
7.8357 	DATA 	Keypress: escape
7.9812 	EXP 	Self: status = STOPPED
7.9849 	EXP 	text_instructions: autoDraw = False
7.9860 	EXP 	Self: status = STOPPED
7.9899 	INFO 	saved data to 'C:\\Users\\alex_\\Desktop\\self_task\\data/151992_Self_2025-08-05_19h39.09.141.csv'
7.9909 	INFO 	saved data to C:\Users\alex_\Desktop\self_task\data/151992_Self_2025-08-05_19h39.09.141.psydat
8.4371 	DEBUG 	Saving data for Self ExperimentHandler
