6.9894 	DEBUG 	Fullscreen settings ignored as running in pilot mode.
6.9905 	INFO 	Loaded monitor calibration from ['2025_06_03 17:22']
7.5792 	EXP 	Created window1 = Window(allowGUI=False, allowStencil=False, autoLog=True, backendConf=UNKNOWN, backgroundFit=<method-wrapper '__getattribute__' of attributeSetter object at 0x00000261E5DBD9C0>, backgroundImage=<method-wrapper '__getattribute__' of attributeSetter object at 0x00000261E5DBE080>, bitsMode=UNKNOWN, blendMode='avg', bpc=(8, 8, 8), color=array([0, 0, 0]), colorSpace='rgb', depthBits=8, fullscr=False, gamma=None, gammaErrorPolicy='raise', infoMsg=UNKNOWN, lms=UNKNOWN, monitor=<psychopy.monitors.calibTools.Monitor object at 0x00000261ED1091E0>, multiSample=False, name='window1', numSamples=2, pos=[880.0, 500.0], screen=0, size=array([800, 600]), stencilBits=0, stereo=False, title='PsychoPy', units='height', useFBO=True, useRetina=False, viewOri=0.0, viewPos=None, viewScale=None, waitBlanking=True, winType='pyglet')
7.5793 	EXP 	window1: backgroundImage = ''
7.5793 	EXP 	window1: backgroundFit = 'none'
7.5857 	DEBUG 	TextBox2 loaded 1 chars with 0 blanks and 1 valid
7.5862 	DEBUG 	TextBox2 loaded 1 chars with 0 blanks and 1 valid
7.5867 	DEBUG 	TextBox2 loaded 1 chars with 0 blanks and 1 valid
7.5873 	DEBUG 	TextBox2 loaded 1 chars with 0 blanks and 1 valid
7.5880 	DEBUG 	TextBox2 loaded 1 chars with 0 blanks and 1 valid
7.5885 	DEBUG 	TextBox2 loaded 1 chars with 0 blanks and 1 valid
7.5890 	DEBUG 	TextBox2 loaded 1 chars with 0 blanks and 1 valid
7.5896 	DEBUG 	TextBox2 loaded 1 chars with 0 blanks and 1 valid
7.5898 	DEBUG 	TextBox2 loaded 1 chars with 0 blanks and 1 valid
7.5901 	DEBUG 	TextBox2 loaded 1 chars with 0 blanks and 1 valid
7.5906 	DEBUG 	TextBox2 loaded 1 chars with 0 blanks and 1 valid
7.5912 	DEBUG 	TextBox2 loaded 1 chars with 0 blanks and 1 valid
7.5917 	DEBUG 	TextBox2 loaded 1 chars with 0 blanks and 1 valid
7.5923 	DEBUG 	TextBox2 loaded 1 chars with 0 blanks and 1 valid
7.5927 	DEBUG 	TextBox2 loaded 1 chars with 0 blanks and 1 valid
7.5932 	DEBUG 	TextBox2 loaded 1 chars with 0 blanks and 1 valid
7.5938 	DEBUG 	TextBox2 loaded 1 chars with 0 blanks and 1 valid
7.5941 	DEBUG 	TextBox2 loaded 1 chars with 0 blanks and 1 valid
7.5945 	DEBUG 	TextBox2 loaded 1 chars with 0 blanks and 1 valid
7.5951 	DEBUG 	TextBox2 loaded 1 chars with 0 blanks and 1 valid
7.5954 	DEBUG 	TextBox2 loaded 1 chars with 0 blanks and 1 valid
7.5964 	DEBUG 	Uploading Texture Font fontname to graphics card
7.6068 	DEBUG 	Upload of Texture Font fontname complete
7.6117 	DEBUG 	TextBox2 loaded 1 chars with 0 blanks and 1 valid
7.6125 	DEBUG 	TextBox2 loaded 1 chars with 0 blanks and 1 valid
7.6131 	DEBUG 	TextBox2 loaded 1 chars with 0 blanks and 1 valid
7.6133 	DEBUG 	Uploading Texture Font fontname to graphics card
7.6160 	DEBUG 	Upload of Texture Font fontname complete
7.6174 	EXP 	window1: Attempting to measure frame rate of screen (0) ...
7.6174 	EXP 	window1: recordFrameIntervals = False
7.6898 	EXP 	window1: recordFrameIntervals = True
7.7562 	EXP 	Screen (0) actual frame rate measured at 164.79Hz
7.7562 	EXP 	window1: recordFrameIntervals = False
7.7605 	DEBUG 	TextBox2 loaded 1 chars with 0 blanks and 1 valid
7.7609 	DEBUG 	TextBox2 loaded 1 chars with 0 blanks and 1 valid
7.7614 	DEBUG 	TextBox2 loaded 1 chars with 0 blanks and 1 valid
7.7622 	DEBUG 	TextBox2 loaded 1 chars with 0 blanks and 1 valid
7.7628 	DEBUG 	TextBox2 loaded 1 chars with 0 blanks and 1 valid
7.7635 	DEBUG 	TextBox2 loaded 1 chars with 0 blanks and 1 valid
7.7640 	DEBUG 	TextBox2 loaded 1 chars with 0 blanks and 1 valid
7.7646 	DEBUG 	TextBox2 loaded 1 chars with 0 blanks and 1 valid
7.7653 	DEBUG 	TextBox2 loaded 1 chars with 0 blanks and 1 valid
7.7659 	DEBUG 	TextBox2 loaded 1 chars with 0 blanks and 1 valid
7.7662 	DEBUG 	Uploading Texture Font fontname to graphics card
7.7667 	DEBUG 	Upload of Texture Font fontname complete
7.7886 	WARNING 	launchHubServer: If using the iohub mouse or eyetracker devices, fullScr should be True.
10.1907 	INFO 	keyboard.Keyboard is using iohub backend.
10.1907 	INFO 	keyboard.Keyboard is using iohub backend.
10.1907 	INFO 	keyboard.Keyboard is using iohub backend.
10.1908 	INFO 	keyboard.Keyboard is using iohub backend.
10.1908 	EXP 	Self: status = STARTED
10.4033 	EXP 	Created welcome_text = TextStim(__class__=<class 'psychopy.visual.text.TextStim'>, alignHoriz=method-wrapper(...), alignText='center', alignVert=method-wrapper(...), anchorHoriz='center', anchorVert='center', antialias=True, autoDraw=False, autoLog=True, bold=False, color=array([1., 1., 1.]), colorSpace='rgb', contrast=1.0, depth=0.0, draggable=False, flipHoriz=False, flipVert=False, font='Arial', fontFiles=[], height=0.05, italic=False, languageStyle='LTR', name='welcome_text', opacity=1, ori=0.0, pos=array([0., 0.]), rgb=UNKNOWN, text=str(...), units='height', win=Window(...), wrapWidth=1)
10.4123 	EXP 	Created text_instructions = TextStim(__class__=<class 'psychopy.visual.text.TextStim'>, alignHoriz=method-wrapper(...), alignText='center', alignVert=method-wrapper(...), anchorHoriz='center', anchorVert='center', antialias=True, autoDraw=False, autoLog=True, bold=False, color=array([1., 1., 1.]), colorSpace='rgb', contrast=1.0, depth=0.0, draggable=False, flipHoriz=False, flipVert=False, font='Arial', fontFiles=[], height=0.05, italic=False, languageStyle='LTR', name='text_instructions', opacity=1, ori=0.0, pos=array([0., 0.]), rgb=UNKNOWN, text=str(...), units='height', win=Window(...), wrapWidth=1)
10.4128 	EXP 	Created stimuli_color = TextStim(__class__=<class 'psychopy.visual.text.TextStim'>, alignHoriz=method-wrapper(...), alignText='center', alignVert=method-wrapper(...), anchorHoriz='center', anchorVert='center', antialias=True, autoDraw=False, autoLog=True, bold=False, color=array([1., 1., 1.]), colorSpace='rgb', contrast=1.0, depth=0.0, draggable=False, flipHoriz=False, flipVert=False, font='Arial', fontFiles=[], height=0.05, italic=False, languageStyle='LTR', name='stimuli_color', opacity=1, ori=0.0, pos=array([0., 0.]), rgb=UNKNOWN, text='', units='height', win=Window(...), wrapWidth=1)
10.4154 	EXP 	Created goodbye_text = TextStim(__class__=<class 'psychopy.visual.text.TextStim'>, alignHoriz=method-wrapper(...), alignText='center', alignVert=method-wrapper(...), anchorHoriz='center', anchorVert='center', antialias=True, autoDraw=False, autoLog=True, bold=False, color=array([1., 1., 1.]), colorSpace='rgb', contrast=1.0, depth=0.0, draggable=False, flipHoriz=False, flipVert=False, font='Arial', fontFiles=[], height=0.05, italic=False, languageStyle='LTR', name='goodbye_text', opacity=1, ori=0.0, pos=array([0., 0.]), rgb=UNKNOWN, text='Thanks for participating! ', units='height', win=Window(...), wrapWidth=1)
0.0127 	INFO 	Keyboard events cleared
0.0124 	EXP 	welcome_text: autoDraw = True
1.6207 	DATA 	Keypress: return
6.5106 	DATA 	Keypress: space
6.5144 	INFO 	Keyboard events cleared
6.5142 	EXP 	welcome_text: autoDraw = False
6.5142 	EXP 	text_instructions: autoDraw = True
10.8734 	DATA 	Mouse: Left button down, pos=(366,108)
11.0059 	DATA 	Mouse:  Left button up, pos=(364,108)
11.5269 	DATA 	Mouse: Left button down, pos=(183,278)
11.6417 	DATA 	Mouse:  Left button up, pos=(184,279)
12.3990 	DEBUG 	Read excel file with openpyxl: lists/trials.xlsx
12.3992 	EXP 	Imported lists/trials.xlsx as conditions, 3 conditions, 2 params
12.3994 	EXP 	New trial (rep=0, index=0): <Trial 0 (0 in rep 0) data={'word': 'self', 'color': 'red', 'thisN': 0, 'thisTrialN': 0, 'thisRepN': 0}>
12.4021 	DATA 	Keypress: space
12.4092 	EXP 	text_instructions: autoDraw = False
12.4092 	EXP 	stimuli_color: foreColor = <psychopy.colors.Color: red, alpha=1.0>
12.4092 	EXP 	stimuli_color: height = 0.05
12.4092 	EXP 	stimuli_color: height = 0.05
12.4092 	EXP 	stimuli_color: height = 0.05
12.4092 	EXP 	stimuli_color: text = 'self'
12.4092 	EXP 	stimuli_color: autoDraw = True
14.3994 	EXP 	New trial (rep=0, index=1): <Trial 1 (1 in rep 0) data={'word': 'friend', 'color': 'blue', 'thisN': 1, 'thisTrialN': 1, 'thisRepN': 0}>
14.4088 	EXP 	stimuli_color: autoDraw = False
14.4088 	EXP 	stimuli_color: foreColor = <psychopy.colors.Color: blue, alpha=1.0>
14.4088 	EXP 	stimuli_color: height = 0.05
14.4088 	EXP 	stimuli_color: height = 0.05
14.4088 	EXP 	stimuli_color: height = 0.05
14.4088 	EXP 	stimuli_color: text = 'friend'
14.4088 	EXP 	stimuli_color: autoDraw = True
16.3982 	EXP 	New trial (rep=0, index=2): <Trial 2 (2 in rep 0) data={'word': 'other', 'color': 'green', 'thisN': 2, 'thisTrialN': 2, 'thisRepN': 0}>
16.4031 	EXP 	stimuli_color: autoDraw = False
16.4031 	EXP 	stimuli_color: foreColor = <psychopy.colors.Color: green, alpha=1.0>
16.4031 	EXP 	stimuli_color: height = 0.05
16.4031 	EXP 	stimuli_color: height = 0.05
16.4031 	EXP 	stimuli_color: height = 0.05
16.4031 	EXP 	stimuli_color: text = 'other'
16.4031 	EXP 	stimuli_color: autoDraw = True
18.3963 	INFO 	Keyboard events cleared
18.3960 	EXP 	stimuli_color: autoDraw = False
18.3960 	EXP 	stimuli_color: autoDraw = False
18.3960 	EXP 	goodbye_text: autoDraw = True
28.3880 	EXP 	goodbye_text: autoDraw = False
29.7869 	DATA 	Mouse: Left button down, pos=(369,376)
29.9047 	DATA 	Mouse:  Left button up, pos=(370,377)
30.9596 	DATA 	Keypress: escape
31.1885 	EXP 	Self: status = STOPPED
31.1944 	EXP 	Self: status = STOPPED
31.1961 	INFO 	saved data to 'C:\\Users\\alex_\\Desktop\\self_task\\data/198871_Self_2025-08-05_17h49.49.856.csv'
31.1968 	INFO 	saved data to C:\Users\alex_\Desktop\self_task\data/198871_Self_2025-08-05_17h49.49.856.psydat
31.7609 	DEBUG 	Saving data for Self ExperimentHandler
