6.1749 	DEBUG 	Fullscreen settings ignored as running in pilot mode.
6.1755 	INFO 	Loaded monitor calibration from ['2025_06_03 17:22']
7.7459 	EXP 	Created window1 = Window(allowGUI=False, allowStencil=False, autoLog=True, backendConf=UNKNOWN, backgroundFit=<method-wrapper '__getattribute__' of attributeSetter object at 0x00000277816F6320>, backgroundImage=<method-wrapper '__getattribute__' of attributeSetter object at 0x00000277816F6C80>, bitsMode=UNKNOWN, blendMode='avg', bpc=(8, 8, 8), color=array([0, 0, 0]), colorSpace='rgb', depthBits=8, fullscr=False, gamma=None, gammaErrorPolicy='raise', infoMsg=UNKNOWN, lms=UNKNOWN, monitor=<psychopy.monitors.calibTools.Monitor object at 0x000002778178C610>, multiSample=False, name='window1', numSamples=2, pos=[880.0, 500.0], screen=0, size=array([800, 600]), stencilBits=0, stereo=False, title='PsychoPy', units='height', useFBO=True, useRetina=False, viewOri=0.0, viewPos=None, viewScale=None, waitBlanking=True, winType='pyglet')
7.7460 	EXP 	window1: backgroundImage = ''
7.7460 	EXP 	window1: backgroundFit = 'none'
7.7735 	DEBUG 	TextBox2 loaded 1 chars with 0 blanks and 1 valid
7.7741 	DEBUG 	TextBox2 loaded 1 chars with 0 blanks and 1 valid
7.7747 	DEBUG 	TextBox2 loaded 1 chars with 0 blanks and 1 valid
7.7753 	DEBUG 	TextBox2 loaded 1 chars with 0 blanks and 1 valid
7.7759 	DEBUG 	TextBox2 loaded 1 chars with 0 blanks and 1 valid
7.7762 	DEBUG 	TextBox2 loaded 1 chars with 0 blanks and 1 valid
7.7767 	DEBUG 	TextBox2 loaded 1 chars with 0 blanks and 1 valid
7.7773 	DEBUG 	TextBox2 loaded 1 chars with 0 blanks and 1 valid
7.7776 	DEBUG 	TextBox2 loaded 1 chars with 0 blanks and 1 valid
7.7778 	DEBUG 	TextBox2 loaded 1 chars with 0 blanks and 1 valid
7.7783 	DEBUG 	TextBox2 loaded 1 chars with 0 blanks and 1 valid
7.7787 	DEBUG 	TextBox2 loaded 1 chars with 0 blanks and 1 valid
7.7792 	DEBUG 	TextBox2 loaded 1 chars with 0 blanks and 1 valid
7.7796 	DEBUG 	TextBox2 loaded 1 chars with 0 blanks and 1 valid
7.7801 	DEBUG 	TextBox2 loaded 1 chars with 0 blanks and 1 valid
7.7805 	DEBUG 	TextBox2 loaded 1 chars with 0 blanks and 1 valid
7.7810 	DEBUG 	TextBox2 loaded 1 chars with 0 blanks and 1 valid
7.7813 	DEBUG 	TextBox2 loaded 1 chars with 0 blanks and 1 valid
7.7816 	DEBUG 	TextBox2 loaded 1 chars with 0 blanks and 1 valid
7.7822 	DEBUG 	TextBox2 loaded 1 chars with 0 blanks and 1 valid
7.7825 	DEBUG 	TextBox2 loaded 1 chars with 0 blanks and 1 valid
7.7836 	DEBUG 	Uploading Texture Font fontname to graphics card
7.7907 	DEBUG 	Upload of Texture Font fontname complete
7.7955 	DEBUG 	TextBox2 loaded 1 chars with 0 blanks and 1 valid
7.7961 	DEBUG 	TextBox2 loaded 1 chars with 0 blanks and 1 valid
7.7967 	DEBUG 	TextBox2 loaded 1 chars with 0 blanks and 1 valid
7.7969 	DEBUG 	Uploading Texture Font fontname to graphics card
7.8038 	DEBUG 	Upload of Texture Font fontname complete
7.8051 	EXP 	window1: Attempting to measure frame rate of screen (0) ...
7.8051 	EXP 	window1: recordFrameIntervals = False
7.8798 	EXP 	window1: recordFrameIntervals = True
7.9459 	EXP 	Screen (0) actual frame rate measured at 164.71Hz
7.9459 	EXP 	window1: recordFrameIntervals = False
7.9501 	DEBUG 	TextBox2 loaded 1 chars with 0 blanks and 1 valid
7.9505 	DEBUG 	TextBox2 loaded 1 chars with 0 blanks and 1 valid
7.9511 	DEBUG 	TextBox2 loaded 1 chars with 0 blanks and 1 valid
7.9518 	DEBUG 	TextBox2 loaded 1 chars with 0 blanks and 1 valid
7.9524 	DEBUG 	TextBox2 loaded 1 chars with 0 blanks and 1 valid
7.9531 	DEBUG 	TextBox2 loaded 1 chars with 0 blanks and 1 valid
7.9535 	DEBUG 	TextBox2 loaded 1 chars with 0 blanks and 1 valid
7.9541 	DEBUG 	TextBox2 loaded 1 chars with 0 blanks and 1 valid
7.9548 	DEBUG 	TextBox2 loaded 1 chars with 0 blanks and 1 valid
7.9555 	DEBUG 	TextBox2 loaded 1 chars with 0 blanks and 1 valid
7.9557 	DEBUG 	Uploading Texture Font fontname to graphics card
7.9561 	DEBUG 	Upload of Texture Font fontname complete
8.0000 	WARNING 	launchHubServer: If using the iohub mouse or eyetracker devices, fullScr should be True.
10.4779 	INFO 	keyboard.Keyboard is using iohub backend.
10.4779 	INFO 	keyboard.Keyboard is using iohub backend.
10.4779 	INFO 	keyboard.Keyboard is using iohub backend.
10.4779 	INFO 	keyboard.Keyboard is using iohub backend.
10.4779 	EXP 	Self: status = STARTED
10.8293 	EXP 	Created welcome_text = TextStim(__class__=<class 'psychopy.visual.text.TextStim'>, alignHoriz=method-wrapper(...), alignText='center', alignVert=method-wrapper(...), anchorHoriz='center', anchorVert='center', antialias=True, autoDraw=False, autoLog=True, bold=False, color=array([1., 1., 1.]), colorSpace='rgb', contrast=1.0, depth=0.0, draggable=False, flipHoriz=False, flipVert=False, font='Arial', fontFiles=[], height=0.05, italic=False, languageStyle='LTR', name='welcome_text', opacity=1, ori=0.0, pos=array([0., 0.]), rgb=UNKNOWN, text=str(...), units='height', win=Window(...), wrapWidth=1)
10.8400 	EXP 	Created text_instructions_color = TextStim(__class__=<class 'psychopy.visual.text.TextStim'>, alignHoriz=method-wrapper(...), alignText='center', alignVert=method-wrapper(...), anchorHoriz='center', anchorVert='center', antialias=True, autoDraw=False, autoLog=True, bold=False, color=array([1., 1., 1.]), colorSpace='rgb', contrast=1.0, depth=0.0, draggable=False, flipHoriz=False, flipVert=False, font='Arial', fontFiles=[], height=0.05, italic=False, languageStyle='LTR', name='text_instructions_color', opacity=1, ori=0.0, pos=array([0., 0.]), rgb=UNKNOWN, text=str(...), units='height', win=Window(...), wrapWidth=1)
10.8404 	EXP 	Created stimuli_color = TextStim(__class__=<class 'psychopy.visual.text.TextStim'>, alignHoriz=method-wrapper(...), alignText='center', alignVert=method-wrapper(...), anchorHoriz='center', anchorVert='center', antialias=True, autoDraw=False, autoLog=True, bold=False, color=array([1., 1., 1.]), colorSpace='rgb', contrast=1.0, depth=0.0, draggable=False, flipHoriz=False, flipVert=False, font='Arial', fontFiles=[], height=0.05, italic=False, languageStyle='LTR', name='stimuli_color', opacity=1, ori=0.0, pos=array([0., 0.]), rgb=UNKNOWN, text='', units='height', win=Window(...), wrapWidth=1)
10.8429 	EXP 	Created goodbye_text = TextStim(__class__=<class 'psychopy.visual.text.TextStim'>, alignHoriz=method-wrapper(...), alignText='center', alignVert=method-wrapper(...), anchorHoriz='center', anchorVert='center', antialias=True, autoDraw=False, autoLog=True, bold=False, color=array([1., 1., 1.]), colorSpace='rgb', contrast=1.0, depth=0.0, draggable=False, flipHoriz=False, flipVert=False, font='Arial', fontFiles=[], height=0.05, italic=False, languageStyle='LTR', name='goodbye_text', opacity=1, ori=0.0, pos=array([0., 0.]), rgb=UNKNOWN, text='Thanks for participating! ', units='height', win=Window(...), wrapWidth=1)
0.0108 	INFO 	Keyboard events cleared
0.0106 	EXP 	welcome_text: autoDraw = True
1.7513 	DATA 	Keypress: space
1.7560 	INFO 	Keyboard events cleared
1.7558 	EXP 	welcome_text: autoDraw = False
1.7558 	EXP 	text_instructions_color: autoDraw = True
3.8732 	DATA 	Keypress: space
3.8819 	DEBUG 	Read excel file with openpyxl: trials.xlsx
3.8820 	EXP 	Imported trials.xlsx as conditions, 3 conditions, 2 params
3.8823 	EXP 	New trial (rep=0, index=0): <Trial 0 (0 in rep 0) data={'word': 'self', 'color': 'red', 'thisN': 0, 'thisTrialN': 0, 'thisRepN': 0}>
3.8888 	EXP 	text_instructions_color: autoDraw = False
3.8888 	EXP 	stimuli_color: foreColor = <psychopy.colors.Color: red, alpha=1.0>
3.8888 	EXP 	stimuli_color: height = 0.05
3.8888 	EXP 	stimuli_color: height = 0.05
3.8888 	EXP 	stimuli_color: height = 0.05
3.8888 	EXP 	stimuli_color: text = 'self'
3.8888 	EXP 	stimuli_color: autoDraw = True
5.8664 	DATA 	Keypress: space
12.3253 	DATA 	Mouse: Left button down, pos=(234,215)
12.4462 	DATA 	Mouse:  Left button up, pos=(244,215)
12.8904 	DATA 	Mouse: Left button down, pos=(323,178)
13.0350 	DATA 	Mouse:  Left button up, pos=(325,159)
13.7249 	DATA 	Mouse: Right button down, pos=(432,63)
13.8406 	DATA 	Mouse:  Right button up, pos=(436,64)
15.0221 	DATA 	Keypress: escape
15.2091 	EXP 	Self: status = STOPPED
15.2136 	EXP 	stimuli_color: autoDraw = False
15.2148 	EXP 	Self: status = STOPPED
15.2176 	INFO 	saved data to 'C:\\Users\\alex_\\Desktop\\self_task\\data/372686_Self_2025-08-04_15h34.14.276.csv'
15.2199 	INFO 	saved data to C:\Users\alex_\Desktop\self_task\data/372686_Self_2025-08-04_15h34.14.276.psydat
15.5796 	DEBUG 	Saving data for Self ExperimentHandler
