4.5921 	INFO 	Loaded monitor calibration from ['2025_06_03 17:22']
4.5985 	WARNING 	User requested fullscreen with size [1707 1067], but screen is actually [2560, 1600]. Using actual size
4.7864 	EXP 	Created window1 = Window(allowGUI=False, allowStencil=False, autoLog=True, backendConf=UNKNOWN, backgroundFit=<method-wrapper '__getattribute__' of attributeSetter object at 0x0000027F9274C610>, backgroundImage=<method-wrapper '__getattribute__' of attributeSetter object at 0x0000027F9274C670>, bitsMode=UNKNOWN, blendMode='avg', bpc=(8, 8, 8), color=array([1., 1., 1.]), colorSpace='rgb', depthBits=8, fullscr=True, gamma=None, gammaErrorPolicy='raise', infoMsg=UNKNOWN, lms=UNKNOWN, monitor=<psychopy.monitors.calibTools.Monitor object at 0x0000027F9282A740>, multiSample=False, name='window1', numSamples=2, pos=[0.0, 0.0], screen=0, size=array([2560, 1600]), stencilBits=0, stereo=False, title='PsychoPy', units='height', useFBO=True, useRetina=False, viewOri=0.0, viewPos=None, viewScale=None, waitBlanking=True, winType='pyglet')
4.7865 	EXP 	window1: backgroundImage = ''
4.7865 	EXP 	window1: backgroundFit = 'none'
4.8474 	EXP 	window1: Attempting to measure frame rate of screen (0) ...
4.8474 	EXP 	window1: recordFrameIntervals = False
4.9292 	EXP 	window1: recordFrameIntervals = True
5.0259 	EXP 	Screen (0) actual frame rate measured at 175.78Hz
5.0260 	EXP 	window1: recordFrameIntervals = False
7.0029 	INFO 	keyboard.Keyboard is using iohub backend.
7.0029 	INFO 	keyboard.Keyboard is using iohub backend.
7.0030 	INFO 	keyboard.Keyboard is using iohub backend.
7.0030 	INFO 	keyboard.Keyboard is using iohub backend.
7.0030 	INFO 	keyboard.Keyboard is using iohub backend.
7.0030 	EXP 	Self: status = STARTED
7.0666 	EXP 	Created welcome_text = TextStim(__class__=<class 'psychopy.visual.text.TextStim'>, alignHoriz=method-wrapper(...), alignText='center', alignVert=method-wrapper(...), anchorHoriz='center', anchorVert='center', antialias=True, autoDraw=False, autoLog=True, bold=False, color=array([-1., -1., -1.]), colorSpace='rgb', contrast=1.0, depth=0.0, draggable=False, flipHoriz=False, flipVert=False, font='Arial', fontFiles=[], height=0.05, italic=False, languageStyle='LTR', name='welcome_text', opacity=1, ori=0.0, pos=array([0., 0.]), rgb=UNKNOWN, text=str(...), units='height', win=Window(...), wrapWidth=1)
7.0788 	EXP 	Created text_instructions = TextStim(__class__=<class 'psychopy.visual.text.TextStim'>, alignHoriz=method-wrapper(...), alignText='center', alignVert=method-wrapper(...), anchorHoriz='center', anchorVert='center', antialias=True, autoDraw=False, autoLog=True, bold=False, color=array([-1., -1., -1.]), colorSpace='rgb', contrast=1.0, depth=0.0, draggable=False, flipHoriz=False, flipVert=False, font='Arial', fontFiles=[], height=0.05, italic=False, languageStyle='LTR', name='text_instructions', opacity=1, ori=0.0, pos=array([0., 0.]), rgb=UNKNOWN, text=str(...), units='height', win=Window(...), wrapWidth=1)
7.0793 	EXP 	Created stimuli = TextStim(__class__=<class 'psychopy.visual.text.TextStim'>, alignHoriz=method-wrapper(...), alignText='center', alignVert=method-wrapper(...), anchorHoriz='center', anchorVert='center', antialias=True, autoDraw=False, autoLog=True, bold=False, color=array([1., 1., 1.]), colorSpace='rgb', contrast=1.0, depth=0.0, draggable=False, flipHoriz=False, flipVert=False, font='Arial', fontFiles=[], height=0.05, italic=False, languageStyle='LTR', name='stimuli', opacity=1, ori=0.0, pos=array([0., 0.]), rgb=UNKNOWN, text='', units='height', win=Window(...), wrapWidth=1)
7.0819 	EXP 	Created goodbye_text = TextStim(__class__=<class 'psychopy.visual.text.TextStim'>, alignHoriz=method-wrapper(...), alignText='center', alignVert=method-wrapper(...), anchorHoriz='center', anchorVert='center', antialias=True, autoDraw=False, autoLog=True, bold=False, color=array([1., 1., 1.]), colorSpace='rgb', contrast=1.0, depth=0.0, draggable=False, flipHoriz=False, flipVert=False, font='Arial', fontFiles=[], height=0.05, italic=False, languageStyle='LTR', name='goodbye_text', opacity=1, ori=0.0, pos=array([0., 0.]), rgb=UNKNOWN, text='Thanks for participating! ', units='height', win=Window(...), wrapWidth=1)
0.0103 	INFO 	Keyboard events cleared
0.0101 	EXP 	welcome_text: autoDraw = True
2.8385 	DATA 	Keypress: space
2.8409 	INFO 	Keyboard events cleared
2.8407 	EXP 	welcome_text: autoDraw = False
2.8407 	EXP 	text_instructions: autoDraw = True
3.9438 	DATA 	Keypress: space
3.9539 	EXP 	Imported lists/trials.xlsx as conditions, 3 conditions, 2 params
3.9542 	EXP 	New trial (rep=0, index=0): <Trial 0 (0 in rep 0) data={'word': 'friend', 'color': 'blue', 'thisN': 0, 'thisTrialN': 0, 'thisRepN': 0}>
3.9592 	INFO 	Keyboard events cleared
3.9590 	EXP 	text_instructions: autoDraw = False
3.9590 	EXP 	stimuli: foreColor = <psychopy.colors.Color: blue, alpha=1.0>
3.9590 	EXP 	stimuli: height = 0.05
3.9590 	EXP 	stimuli: height = 0.05
3.9590 	EXP 	stimuli: height = 0.05
3.9590 	EXP 	stimuli: text = 'friend'
3.9590 	EXP 	stimuli: autoDraw = True
4.3557 	DATA 	Keypress: j
5.8826 	DATA 	Keypress: k
5.9477 	EXP 	stimuli: autoDraw = False
8.8148 	DATA 	Keypress: l
9.8756 	DATA 	Keypress: semicolon
11.1052 	DATA 	Keypress: l
11.4381 	DATA 	Keypress: l
11.4749 	DATA 	Keypress: k
11.8083 	DATA 	Keypress: j
12.0200 	DATA 	Keypress: k
12.2393 	DATA 	Keypress: l
12.5419 	DATA 	Keypress: k
12.7658 	DATA 	Keypress: j
12.9537 	DATA 	Keypress: k
13.2863 	DATA 	Keypress: l
13.5108 	DATA 	Keypress: k
13.7346 	DATA 	Keypress: j
13.8871 	DATA 	Keypress: l
13.9233 	DATA 	Keypress: k
14.1530 	DATA 	Keypress: j
14.2684 	DATA 	Keypress: l
14.2685 	DATA 	Keypress: k
14.9525 	DATA 	Keypress: escape
15.0614 	EXP 	Self: status = STOPPED
15.0666 	EXP 	Self: status = STOPPED
15.0697 	INFO 	saved data to 'C:\\Users\\alex_\\Desktop\\self_task\\data/420046_Self_2025-08-05_18h02.45.382.csv'
15.0702 	INFO 	saved data to C:\Users\alex_\Desktop\self_task\data/420046_Self_2025-08-05_18h02.45.382.psydat
