5.0470 	DEBUG 	Fullscreen settings ignored as running in pilot mode.
5.0476 	INFO 	Loaded monitor calibration from ['2025_06_03 17:22']
5.2290 	EXP 	Created window1 = Window(allowGUI=False, allowStencil=False, autoLog=True, backendConf=UNKNOWN, backgroundFit=<method-wrapper '__getattribute__' of attributeSetter object at 0x000001B71F16A3B0>, backgroundImage=<method-wrapper '__getattribute__' of attributeSetter object at 0x000001B71F169E70>, bitsMode=UNKNOWN, blendMode='avg', bpc=(8, 8, 8), color=array([1., 1., 1.]), colorSpace='rgb', depthBits=8, fullscr=False, gamma=None, gammaErrorPolicy='raise', infoMsg=UNKNOWN, lms=UNKNOWN, monitor=<psychopy.monitors.calibTools.Monitor object at 0x000001B7287692D0>, multiSample=False, name='window1', numSamples=2, pos=[880.0, 500.0], screen=0, size=array([800, 600]), stencilBits=0, stereo=False, title='PsychoPy', units='height', useFBO=True, useRetina=False, viewOri=0.0, viewPos=None, viewScale=None, waitBlanking=True, winType='pyglet')
5.2290 	EXP 	window1: backgroundImage = ''
5.2290 	EXP 	window1: backgroundFit = 'none'
5.2346 	DEBUG 	TextBox2 loaded 1 chars with 0 blanks and 1 valid
5.2351 	DEBUG 	TextBox2 loaded 1 chars with 0 blanks and 1 valid
5.2356 	DEBUG 	TextBox2 loaded 1 chars with 0 blanks and 1 valid
5.2362 	DEBUG 	TextBox2 loaded 1 chars with 0 blanks and 1 valid
5.2368 	DEBUG 	TextBox2 loaded 1 chars with 0 blanks and 1 valid
5.2371 	DEBUG 	TextBox2 loaded 1 chars with 0 blanks and 1 valid
5.2376 	DEBUG 	TextBox2 loaded 1 chars with 0 blanks and 1 valid
5.2382 	DEBUG 	TextBox2 loaded 1 chars with 0 blanks and 1 valid
5.2385 	DEBUG 	TextBox2 loaded 1 chars with 0 blanks and 1 valid
5.2387 	DEBUG 	TextBox2 loaded 1 chars with 0 blanks and 1 valid
5.2393 	DEBUG 	TextBox2 loaded 1 chars with 0 blanks and 1 valid
5.2399 	DEBUG 	TextBox2 loaded 1 chars with 0 blanks and 1 valid
5.2403 	DEBUG 	TextBox2 loaded 1 chars with 0 blanks and 1 valid
5.2408 	DEBUG 	TextBox2 loaded 1 chars with 0 blanks and 1 valid
5.2412 	DEBUG 	TextBox2 loaded 1 chars with 0 blanks and 1 valid
5.2417 	DEBUG 	TextBox2 loaded 1 chars with 0 blanks and 1 valid
5.2422 	DEBUG 	TextBox2 loaded 1 chars with 0 blanks and 1 valid
5.2425 	DEBUG 	TextBox2 loaded 1 chars with 0 blanks and 1 valid
5.2429 	DEBUG 	TextBox2 loaded 1 chars with 0 blanks and 1 valid
5.2435 	DEBUG 	TextBox2 loaded 1 chars with 0 blanks and 1 valid
5.2438 	DEBUG 	TextBox2 loaded 1 chars with 0 blanks and 1 valid
5.2441 	DEBUG 	Uploading Texture Font fontname to graphics card
5.2480 	DEBUG 	Upload of Texture Font fontname complete
5.2524 	DEBUG 	TextBox2 loaded 1 chars with 0 blanks and 1 valid
5.2531 	DEBUG 	TextBox2 loaded 1 chars with 0 blanks and 1 valid
5.2537 	DEBUG 	TextBox2 loaded 1 chars with 0 blanks and 1 valid
5.2539 	DEBUG 	Uploading Texture Font fontname to graphics card
5.2562 	DEBUG 	Upload of Texture Font fontname complete
5.2574 	EXP 	window1: Attempting to measure frame rate of screen (0) ...
5.2574 	EXP 	window1: recordFrameIntervals = False
5.3276 	EXP 	window1: recordFrameIntervals = True
5.3939 	EXP 	Screen (0) actual frame rate measured at 166.95Hz
5.3939 	EXP 	window1: recordFrameIntervals = False
5.3978 	DEBUG 	TextBox2 loaded 1 chars with 0 blanks and 1 valid
5.3982 	DEBUG 	TextBox2 loaded 1 chars with 0 blanks and 1 valid
5.3988 	DEBUG 	TextBox2 loaded 1 chars with 0 blanks and 1 valid
5.3995 	DEBUG 	TextBox2 loaded 1 chars with 0 blanks and 1 valid
5.4002 	DEBUG 	TextBox2 loaded 1 chars with 0 blanks and 1 valid
5.4009 	DEBUG 	TextBox2 loaded 1 chars with 0 blanks and 1 valid
5.4012 	DEBUG 	TextBox2 loaded 1 chars with 0 blanks and 1 valid
5.4019 	DEBUG 	TextBox2 loaded 1 chars with 0 blanks and 1 valid
5.4025 	DEBUG 	TextBox2 loaded 1 chars with 0 blanks and 1 valid
5.4031 	DEBUG 	TextBox2 loaded 1 chars with 0 blanks and 1 valid
5.4033 	DEBUG 	Uploading Texture Font fontname to graphics card
5.4038 	DEBUG 	Upload of Texture Font fontname complete
5.4142 	WARNING 	launchHubServer: If using the iohub mouse or eyetracker devices, fullScr should be True.
7.3839 	INFO 	keyboard.Keyboard is using iohub backend.
7.3839 	INFO 	keyboard.Keyboard is using iohub backend.
7.3839 	INFO 	keyboard.Keyboard is using iohub backend.
7.3839 	INFO 	keyboard.Keyboard is using iohub backend.
7.3839 	EXP 	Self: status = STARTED
7.4444 	EXP 	Created welcome_text = TextStim(__class__=<class 'psychopy.visual.text.TextStim'>, alignHoriz=method-wrapper(...), alignText='center', alignVert=method-wrapper(...), anchorHoriz='center', anchorVert='center', antialias=True, autoDraw=False, autoLog=True, bold=False, color=array([-1., -1., -1.]), colorSpace='rgb', contrast=1.0, depth=0.0, draggable=False, flipHoriz=False, flipVert=False, font='Arial', fontFiles=[], height=0.05, italic=False, languageStyle='LTR', name='welcome_text', opacity=1, ori=0.0, pos=array([0., 0.]), rgb=UNKNOWN, text=str(...), units='height', win=Window(...), wrapWidth=1)
7.4518 	EXP 	Created text_instructions = TextStim(__class__=<class 'psychopy.visual.text.TextStim'>, alignHoriz=method-wrapper(...), alignText='center', alignVert=method-wrapper(...), anchorHoriz='center', anchorVert='center', antialias=True, autoDraw=False, autoLog=True, bold=False, color=array([-1., -1., -1.]), colorSpace='rgb', contrast=1.0, depth=0.0, draggable=False, flipHoriz=False, flipVert=False, font='Arial', fontFiles=[], height=0.05, italic=False, languageStyle='LTR', name='text_instructions', opacity=1, ori=0.0, pos=array([0., 0.]), rgb=UNKNOWN, text=str(...), units='height', win=Window(...), wrapWidth=1)
7.4525 	EXP 	Created stimuli_color = TextStim(__class__=<class 'psychopy.visual.text.TextStim'>, alignHoriz=method-wrapper(...), alignText='center', alignVert=method-wrapper(...), anchorHoriz='center', anchorVert='center', antialias=True, autoDraw=False, autoLog=True, bold=False, color=array([1., 1., 1.]), colorSpace='rgb', contrast=1.0, depth=0.0, draggable=False, flipHoriz=False, flipVert=False, font='Arial', fontFiles=[], height=0.05, italic=False, languageStyle='LTR', name='stimuli_color', opacity=1, ori=0.0, pos=array([0., 0.]), rgb=UNKNOWN, text='', units='height', win=Window(...), wrapWidth=1)
7.4548 	EXP 	Created goodbye_text = TextStim(__class__=<class 'psychopy.visual.text.TextStim'>, alignHoriz=method-wrapper(...), alignText='center', alignVert=method-wrapper(...), anchorHoriz='center', anchorVert='center', antialias=True, autoDraw=False, autoLog=True, bold=False, color=array([1., 1., 1.]), colorSpace='rgb', contrast=1.0, depth=0.0, draggable=False, flipHoriz=False, flipVert=False, font='Arial', fontFiles=[], height=0.05, italic=False, languageStyle='LTR', name='goodbye_text', opacity=1, ori=0.0, pos=array([0., 0.]), rgb=UNKNOWN, text='Thanks for participating! ', units='height', win=Window(...), wrapWidth=1)
0.0120 	INFO 	Keyboard events cleared
0.0118 	EXP 	welcome_text: autoDraw = True
1.3681 	DATA 	Keypress: space
1.3744 	INFO 	Keyboard events cleared
1.3742 	EXP 	welcome_text: autoDraw = False
1.3742 	EXP 	text_instructions: autoDraw = True
2.5992 	DEBUG 	Read excel file with openpyxl: lists/trials.xlsx
2.5994 	EXP 	Imported lists/trials.xlsx as conditions, 3 conditions, 2 params
2.5996 	EXP 	New trial (rep=0, index=0): <Trial 0 (0 in rep 0) data={'word': 'self', 'color': 'red', 'thisN': 0, 'thisTrialN': 0, 'thisRepN': 0}>
2.6026 	DATA 	Keypress: space
2.6105 	EXP 	text_instructions: autoDraw = False
2.6105 	EXP 	stimuli_color: foreColor = <psychopy.colors.Color: red, alpha=1.0>
2.6105 	EXP 	stimuli_color: height = 0.05
2.6105 	EXP 	stimuli_color: height = 0.05
2.6105 	EXP 	stimuli_color: height = 0.05
2.6105 	EXP 	stimuli_color: text = 'self'
2.6105 	EXP 	stimuli_color: autoDraw = True
4.6001 	EXP 	New trial (rep=0, index=1): <Trial 1 (1 in rep 0) data={'word': 'other', 'color': 'green', 'thisN': 1, 'thisTrialN': 1, 'thisRepN': 0}>
4.6102 	EXP 	stimuli_color: autoDraw = False
4.6102 	EXP 	stimuli_color: foreColor = <psychopy.colors.Color: green, alpha=1.0>
4.6102 	EXP 	stimuli_color: height = 0.05
4.6102 	EXP 	stimuli_color: height = 0.05
4.6102 	EXP 	stimuli_color: height = 0.05
4.6102 	EXP 	stimuli_color: text = 'other'
4.6102 	EXP 	stimuli_color: autoDraw = True
6.5986 	EXP 	New trial (rep=0, index=2): <Trial 2 (2 in rep 0) data={'word': 'friend', 'color': 'blue', 'thisN': 2, 'thisTrialN': 2, 'thisRepN': 0}>
6.6035 	EXP 	stimuli_color: autoDraw = False
6.6035 	EXP 	stimuli_color: foreColor = <psychopy.colors.Color: blue, alpha=1.0>
6.6035 	EXP 	stimuli_color: height = 0.05
6.6035 	EXP 	stimuli_color: height = 0.05
6.6035 	EXP 	stimuli_color: height = 0.05
6.6035 	EXP 	stimuli_color: text = 'friend'
6.6035 	EXP 	stimuli_color: autoDraw = True
8.5976 	INFO 	Keyboard events cleared
8.5973 	EXP 	stimuli_color: autoDraw = False
8.5973 	EXP 	stimuli_color: autoDraw = False
8.5973 	EXP 	goodbye_text: autoDraw = True
9.6718 	DATA 	Keypress: space
9.6755 	EXP 	goodbye_text: autoDraw = False
9.6767 	EXP 	Self: status = STOPPED
9.6800 	INFO 	saved data to 'C:\\Users\\alex_\\Desktop\\self_task\\data/497124_Self_2025-08-05_17h58.05.274.csv'
9.6806 	INFO 	saved data to C:\Users\alex_\Desktop\self_task\data/497124_Self_2025-08-05_17h58.05.274.psydat
9.8813 	DEBUG 	Saving data for Self ExperimentHandler
