5.6890 	DEBUG 	Fullscreen settings ignored as running in pilot mode.
5.6899 	INFO 	Loaded monitor calibration from ['2025_06_03 17:22']
5.8725 	EXP 	Created window1 = Window(allowGUI=False, allowStencil=False, autoLog=True, backendConf=UNKNOWN, backgroundFit=<method-wrapper '__getattribute__' of attributeSetter object at 0x0000017559736860>, backgroundImage=<method-wrapper '__getattribute__' of attributeSetter object at 0x0000017559736800>, bitsMode=UNKNOWN, blendMode='avg', bpc=(8, 8, 8), color=array([1., 1., 1.]), colorSpace='rgb', depthBits=8, fullscr=False, gamma=None, gammaErrorPolicy='raise', infoMsg=UNKNOWN, lms=UNKNOWN, monitor=<psychopy.monitors.calibTools.Monitor object at 0x0000017559807970>, multiSample=False, name='window1', numSamples=2, pos=[880.0, 500.0], screen=0, size=array([800, 600]), stencilBits=0, stereo=False, title='PsychoPy', units='height', useFBO=True, useRetina=False, viewOri=0.0, viewPos=None, viewScale=None, waitBlanking=True, winType='pyglet')
5.8726 	EXP 	window1: backgroundImage = ''
5.8726 	EXP 	window1: backgroundFit = 'none'
5.8793 	DEBUG 	TextBox2 loaded 1 chars with 0 blanks and 1 valid
5.8798 	DEBUG 	TextBox2 loaded 1 chars with 0 blanks and 1 valid
5.8803 	DEBUG 	TextBox2 loaded 1 chars with 0 blanks and 1 valid
5.8811 	DEBUG 	TextBox2 loaded 1 chars with 0 blanks and 1 valid
5.8823 	DEBUG 	TextBox2 loaded 1 chars with 0 blanks and 1 valid
5.8829 	DEBUG 	TextBox2 loaded 1 chars with 0 blanks and 1 valid
5.8836 	DEBUG 	TextBox2 loaded 1 chars with 0 blanks and 1 valid
5.8843 	DEBUG 	TextBox2 loaded 1 chars with 0 blanks and 1 valid
5.8845 	DEBUG 	TextBox2 loaded 1 chars with 0 blanks and 1 valid
5.8848 	DEBUG 	TextBox2 loaded 1 chars with 0 blanks and 1 valid
5.8853 	DEBUG 	TextBox2 loaded 1 chars with 0 blanks and 1 valid
5.8858 	DEBUG 	TextBox2 loaded 1 chars with 0 blanks and 1 valid
5.8863 	DEBUG 	TextBox2 loaded 1 chars with 0 blanks and 1 valid
5.8868 	DEBUG 	TextBox2 loaded 1 chars with 0 blanks and 1 valid
5.8875 	DEBUG 	TextBox2 loaded 1 chars with 0 blanks and 1 valid
5.8882 	DEBUG 	TextBox2 loaded 1 chars with 0 blanks and 1 valid
5.8887 	DEBUG 	TextBox2 loaded 1 chars with 0 blanks and 1 valid
5.8890 	DEBUG 	TextBox2 loaded 1 chars with 0 blanks and 1 valid
5.8894 	DEBUG 	TextBox2 loaded 1 chars with 0 blanks and 1 valid
5.8900 	DEBUG 	TextBox2 loaded 1 chars with 0 blanks and 1 valid
5.8904 	DEBUG 	TextBox2 loaded 1 chars with 0 blanks and 1 valid
5.8906 	DEBUG 	Uploading Texture Font fontname to graphics card
5.8955 	DEBUG 	Upload of Texture Font fontname complete
5.9001 	DEBUG 	TextBox2 loaded 1 chars with 0 blanks and 1 valid
5.9008 	DEBUG 	TextBox2 loaded 1 chars with 0 blanks and 1 valid
5.9015 	DEBUG 	TextBox2 loaded 1 chars with 0 blanks and 1 valid
5.9016 	DEBUG 	Uploading Texture Font fontname to graphics card
5.9044 	DEBUG 	Upload of Texture Font fontname complete
5.9065 	EXP 	window1: Attempting to measure frame rate of screen (0) ...
5.9066 	EXP 	window1: recordFrameIntervals = False
5.9734 	EXP 	window1: recordFrameIntervals = True
6.0397 	EXP 	Screen (0) actual frame rate measured at 165.35Hz
6.0397 	EXP 	window1: recordFrameIntervals = False
6.0436 	DEBUG 	TextBox2 loaded 1 chars with 0 blanks and 1 valid
6.0441 	DEBUG 	TextBox2 loaded 1 chars with 0 blanks and 1 valid
6.0447 	DEBUG 	TextBox2 loaded 1 chars with 0 blanks and 1 valid
6.0455 	DEBUG 	TextBox2 loaded 1 chars with 0 blanks and 1 valid
6.0461 	DEBUG 	TextBox2 loaded 1 chars with 0 blanks and 1 valid
6.0468 	DEBUG 	TextBox2 loaded 1 chars with 0 blanks and 1 valid
6.0472 	DEBUG 	TextBox2 loaded 1 chars with 0 blanks and 1 valid
6.0478 	DEBUG 	TextBox2 loaded 1 chars with 0 blanks and 1 valid
6.0485 	DEBUG 	TextBox2 loaded 1 chars with 0 blanks and 1 valid
6.0492 	DEBUG 	TextBox2 loaded 1 chars with 0 blanks and 1 valid
6.0494 	DEBUG 	Uploading Texture Font fontname to graphics card
6.0498 	DEBUG 	Upload of Texture Font fontname complete
6.0592 	WARNING 	launchHubServer: If using the iohub mouse or eyetracker devices, fullScr should be True.
8.0311 	INFO 	keyboard.Keyboard is using iohub backend.
8.0312 	INFO 	keyboard.Keyboard is using iohub backend.
8.0312 	INFO 	keyboard.Keyboard is using iohub backend.
8.0312 	INFO 	keyboard.Keyboard is using iohub backend.
8.0312 	INFO 	keyboard.Keyboard is using iohub backend.
8.0312 	EXP 	Self: status = STARTED
8.0910 	EXP 	Created welcome_text = TextStim(__class__=<class 'psychopy.visual.text.TextStim'>, alignHoriz=method-wrapper(...), alignText='center', alignVert=method-wrapper(...), anchorHoriz='center', anchorVert='center', antialias=True, autoDraw=False, autoLog=True, bold=False, color=array([-1., -1., -1.]), colorSpace='rgb', contrast=1.0, depth=0.0, draggable=False, flipHoriz=False, flipVert=False, font='Arial', fontFiles=[], height=0.05, italic=False, languageStyle='LTR', name='welcome_text', opacity=1, ori=0.0, pos=array([0., 0.]), rgb=UNKNOWN, text=str(...), units='height', win=Window(...), wrapWidth=1)
8.0915 	EXP 	Created text_instructions = TextStim(__class__=<class 'psychopy.visual.text.TextStim'>, alignHoriz=method-wrapper(...), alignText='center', alignVert=method-wrapper(...), anchorHoriz='center', anchorVert='center', antialias=True, autoDraw=False, autoLog=True, bold=False, color=array([-1., -1., -1.]), colorSpace='rgb', contrast=1.0, depth=0.0, draggable=False, flipHoriz=False, flipVert=False, font='Arial', fontFiles=[], height=0.05, italic=False, languageStyle='LTR', name='text_instructions', opacity=1, ori=0.0, pos=array([0., 0.]), rgb=UNKNOWN, text='', units='height', win=Window(...), wrapWidth=1)
8.0919 	EXP 	Created stimuli = TextStim(__class__=<class 'psychopy.visual.text.TextStim'>, alignHoriz=method-wrapper(...), alignText='center', alignVert=method-wrapper(...), anchorHoriz='center', anchorVert='center', antialias=True, autoDraw=False, autoLog=True, bold=False, color=array([1., 1., 1.]), colorSpace='rgb', contrast=1.0, depth=0.0, draggable=False, flipHoriz=False, flipVert=False, font='Arial', fontFiles=[], height=0.05, italic=False, languageStyle='LTR', name='stimuli', opacity=1, ori=0.0, pos=array([0., 0.]), rgb=UNKNOWN, text='', units='height', win=Window(...), wrapWidth=1)
8.0941 	EXP 	Created goodbye_text = TextStim(__class__=<class 'psychopy.visual.text.TextStim'>, alignHoriz=method-wrapper(...), alignText='center', alignVert=method-wrapper(...), anchorHoriz='center', anchorVert='center', antialias=True, autoDraw=False, autoLog=True, bold=False, color=array([-1., -1., -1.]), colorSpace='rgb', contrast=1.0, depth=0.0, draggable=False, flipHoriz=False, flipVert=False, font='Arial', fontFiles=[], height=0.05, italic=False, languageStyle='LTR', name='goodbye_text', opacity=1, ori=0.0, pos=array([0., 0.]), rgb=UNKNOWN, text='Thanks for participating! ', units='height', win=Window(...), wrapWidth=1)
0.0125 	INFO 	Keyboard events cleared
0.0122 	EXP 	welcome_text: autoDraw = True
1.2284 	DEBUG 	Read excel file with openpyxl: lists/blocks_mock.xlsx
1.2285 	EXP 	Imported lists/blocks_mock.xlsx as conditions, 2 conditions, 2 params
1.2289 	EXP 	New trial (rep=0, index=0): <Trial 0 (0 in rep 0) data={'task': 'identity', 'instructions': 'test2', 'thisN': 0, 'thisTrialN': 0, 'thisRepN': 0}>
1.2369 	DATA 	Keypress: space
1.2418 	INFO 	Keyboard events cleared
1.2416 	EXP 	welcome_text: autoDraw = False
1.2416 	EXP 	text_instructions: height = 0.05
1.2416 	EXP 	text_instructions: height = 0.05
1.2416 	EXP 	text_instructions: height = 0.05
1.2416 	EXP 	text_instructions: text = <psychopy.data.routine.Routine object at 0x000001755B7F1BD0>
1.2416 	EXP 	text_instructions: autoDraw = True
3.2966 	DEBUG 	Read excel file with openpyxl: lists/trials.xlsx
3.2969 	EXP 	Imported lists/trials.xlsx as conditions, 3 conditions, 2 params
3.2973 	EXP 	New trial (rep=0, index=0): <Trial 0 (0 in rep 0) data={'word': 'self', 'color': 'red', 'thisN': 0, 'thisTrialN': 0, 'thisRepN': 0}>
3.3022 	DATA 	Keypress: space
3.3082 	INFO 	Keyboard events cleared
3.3081 	EXP 	text_instructions: autoDraw = False
3.3081 	EXP 	stimuli: foreColor = <psychopy.colors.Color: red, alpha=1.0>
3.3081 	EXP 	stimuli: height = 0.05
3.3081 	EXP 	stimuli: height = 0.05
3.3081 	EXP 	stimuli: height = 0.05
3.3081 	EXP 	stimuli: text = 'self'
3.3081 	EXP 	stimuli: autoDraw = True
3.6150 	DATA 	Keypress: space
4.8802 	DATA 	Keypress: escape
5.0302 	EXP 	Self: status = STOPPED
5.0349 	EXP 	stimuli: autoDraw = False
5.0367 	EXP 	Self: status = STOPPED
5.0385 	INFO 	saved data to 'C:\\Users\\alex_\\Desktop\\self_task\\data/567461_Self_2025-08-05_19h32.34.781.csv'
5.0394 	INFO 	saved data to C:\Users\alex_\Desktop\self_task\data/567461_Self_2025-08-05_19h32.34.781.psydat
5.3978 	DEBUG 	Saving data for Self ExperimentHandler
