11.7711 	DEBUG 	Fullscreen settings ignored as running in pilot mode.
11.7722 	INFO 	Loaded monitor calibration from ['2025_06_03 17:22']
11.9644 	EXP 	Created window1 = Window(allowGUI=False, allowStencil=False, autoLog=True, backendConf=UNKNOWN, backgroundFit=<method-wrapper '__getattribute__' of attributeSetter object at 0x000001DCD4ACA3B0>, backgroundImage=<method-wrapper '__getattribute__' of attributeSetter object at 0x000001DCD4AC9E70>, bitsMode=UNKNOWN, blendMode='avg', bpc=(8, 8, 8), color=array([1., 1., 1.]), colorSpace='rgb', depthBits=8, fullscr=False, gamma=None, gammaErrorPolicy='raise', infoMsg=UNKNOWN, lms=UNKNOWN, monitor=<psychopy.monitors.calibTools.Monitor object at 0x000001DCDE2C92D0>, multiSample=False, name='window1', numSamples=2, pos=[880.0, 500.0], screen=0, size=array([800, 600]), stencilBits=0, stereo=False, title='PsychoPy', units='height', useFBO=True, useRetina=False, viewOri=0.0, viewPos=None, viewScale=None, waitBlanking=True, winType='pyglet')
11.9645 	EXP 	window1: backgroundImage = ''
11.9645 	EXP 	window1: backgroundFit = 'none'
11.9715 	DEBUG 	TextBox2 loaded 1 chars with 0 blanks and 1 valid
11.9721 	DEBUG 	TextBox2 loaded 1 chars with 0 blanks and 1 valid
11.9727 	DEBUG 	TextBox2 loaded 1 chars with 0 blanks and 1 valid
11.9734 	DEBUG 	TextBox2 loaded 1 chars with 0 blanks and 1 valid
11.9741 	DEBUG 	TextBox2 loaded 1 chars with 0 blanks and 1 valid
11.9744 	DEBUG 	TextBox2 loaded 1 chars with 0 blanks and 1 valid
11.9750 	DEBUG 	TextBox2 loaded 1 chars with 0 blanks and 1 valid
11.9757 	DEBUG 	TextBox2 loaded 1 chars with 0 blanks and 1 valid
11.9760 	DEBUG 	TextBox2 loaded 1 chars with 0 blanks and 1 valid
11.9762 	DEBUG 	TextBox2 loaded 1 chars with 0 blanks and 1 valid
11.9768 	DEBUG 	TextBox2 loaded 1 chars with 0 blanks and 1 valid
11.9773 	DEBUG 	TextBox2 loaded 1 chars with 0 blanks and 1 valid
11.9778 	DEBUG 	TextBox2 loaded 1 chars with 0 blanks and 1 valid
11.9784 	DEBUG 	TextBox2 loaded 1 chars with 0 blanks and 1 valid
11.9788 	DEBUG 	TextBox2 loaded 1 chars with 0 blanks and 1 valid
11.9794 	DEBUG 	TextBox2 loaded 1 chars with 0 blanks and 1 valid
11.9800 	DEBUG 	TextBox2 loaded 1 chars with 0 blanks and 1 valid
11.9803 	DEBUG 	TextBox2 loaded 1 chars with 0 blanks and 1 valid
11.9807 	DEBUG 	TextBox2 loaded 1 chars with 0 blanks and 1 valid
11.9814 	DEBUG 	TextBox2 loaded 1 chars with 0 blanks and 1 valid
11.9817 	DEBUG 	TextBox2 loaded 1 chars with 0 blanks and 1 valid
11.9820 	DEBUG 	Uploading Texture Font fontname to graphics card
11.9873 	DEBUG 	Upload of Texture Font fontname complete
11.9926 	DEBUG 	TextBox2 loaded 1 chars with 0 blanks and 1 valid
11.9933 	DEBUG 	TextBox2 loaded 1 chars with 0 blanks and 1 valid
11.9939 	DEBUG 	TextBox2 loaded 1 chars with 0 blanks and 1 valid
11.9941 	DEBUG 	Uploading Texture Font fontname to graphics card
11.9976 	DEBUG 	Upload of Texture Font fontname complete
11.9993 	EXP 	window1: Attempting to measure frame rate of screen (0) ...
11.9993 	EXP 	window1: recordFrameIntervals = False
12.0642 	EXP 	window1: recordFrameIntervals = True
12.1310 	EXP 	Screen (0) actual frame rate measured at 165.67Hz
12.1311 	EXP 	window1: recordFrameIntervals = False
12.1355 	DEBUG 	TextBox2 loaded 1 chars with 0 blanks and 1 valid
12.1359 	DEBUG 	TextBox2 loaded 1 chars with 0 blanks and 1 valid
12.1365 	DEBUG 	TextBox2 loaded 1 chars with 0 blanks and 1 valid
12.1372 	DEBUG 	TextBox2 loaded 1 chars with 0 blanks and 1 valid
12.1379 	DEBUG 	TextBox2 loaded 1 chars with 0 blanks and 1 valid
12.1385 	DEBUG 	TextBox2 loaded 1 chars with 0 blanks and 1 valid
12.1389 	DEBUG 	TextBox2 loaded 1 chars with 0 blanks and 1 valid
12.1395 	DEBUG 	TextBox2 loaded 1 chars with 0 blanks and 1 valid
12.1402 	DEBUG 	TextBox2 loaded 1 chars with 0 blanks and 1 valid
12.1409 	DEBUG 	TextBox2 loaded 1 chars with 0 blanks and 1 valid
12.1411 	DEBUG 	Uploading Texture Font fontname to graphics card
12.1416 	DEBUG 	Upload of Texture Font fontname complete
12.1514 	WARNING 	launchHubServer: If using the iohub mouse or eyetracker devices, fullScr should be True.
14.2238 	INFO 	keyboard.Keyboard is using iohub backend.
14.2238 	INFO 	keyboard.Keyboard is using iohub backend.
14.2238 	INFO 	keyboard.Keyboard is using iohub backend.
14.2239 	INFO 	keyboard.Keyboard is using iohub backend.
14.2239 	EXP 	Self: status = STARTED
14.2814 	EXP 	Created welcome_text = TextStim(__class__=<class 'psychopy.visual.text.TextStim'>, alignHoriz=method-wrapper(...), alignText='center', alignVert=method-wrapper(...), anchorHoriz='center', anchorVert='center', antialias=True, autoDraw=False, autoLog=True, bold=False, color=array([-1., -1., -1.]), colorSpace='rgb', contrast=1.0, depth=0.0, draggable=False, flipHoriz=False, flipVert=False, font='Arial', fontFiles=[], height=0.05, italic=False, languageStyle='LTR', name='welcome_text', opacity=1, ori=0.0, pos=array([0., 0.]), rgb=UNKNOWN, text=str(...), units='height', win=Window(...), wrapWidth=1)
14.2893 	EXP 	Created text_instructions = TextStim(__class__=<class 'psychopy.visual.text.TextStim'>, alignHoriz=method-wrapper(...), alignText='center', alignVert=method-wrapper(...), anchorHoriz='center', anchorVert='center', antialias=True, autoDraw=False, autoLog=True, bold=False, color=array([-1., -1., -1.]), colorSpace='rgb', contrast=1.0, depth=0.0, draggable=False, flipHoriz=False, flipVert=False, font='Arial', fontFiles=[], height=0.05, italic=False, languageStyle='LTR', name='text_instructions', opacity=1, ori=0.0, pos=array([0., 0.]), rgb=UNKNOWN, text=str(...), units='height', win=Window(...), wrapWidth=1)
14.2901 	EXP 	Created stimuli_color = TextStim(__class__=<class 'psychopy.visual.text.TextStim'>, alignHoriz=method-wrapper(...), alignText='center', alignVert=method-wrapper(...), anchorHoriz='center', anchorVert='center', antialias=True, autoDraw=False, autoLog=True, bold=False, color=array([1., 1., 1.]), colorSpace='rgb', contrast=1.0, depth=0.0, draggable=False, flipHoriz=False, flipVert=False, font='Arial', fontFiles=[], height=0.05, italic=False, languageStyle='LTR', name='stimuli_color', opacity=1, ori=0.0, pos=array([0., 0.]), rgb=UNKNOWN, text='', units='height', win=Window(...), wrapWidth=1)
14.2926 	EXP 	Created goodbye_text = TextStim(__class__=<class 'psychopy.visual.text.TextStim'>, alignHoriz=method-wrapper(...), alignText='center', alignVert=method-wrapper(...), anchorHoriz='center', anchorVert='center', antialias=True, autoDraw=False, autoLog=True, bold=False, color=array([1., 1., 1.]), colorSpace='rgb', contrast=1.0, depth=0.0, draggable=False, flipHoriz=False, flipVert=False, font='Arial', fontFiles=[], height=0.05, italic=False, languageStyle='LTR', name='goodbye_text', opacity=1, ori=0.0, pos=array([0., 0.]), rgb=UNKNOWN, text='Thanks for participating! ', units='height', win=Window(...), wrapWidth=1)
0.0134 	INFO 	Keyboard events cleared
0.0131 	EXP 	welcome_text: autoDraw = True
1.9332 	DATA 	Keypress: space
1.9402 	INFO 	Keyboard events cleared
1.9400 	EXP 	welcome_text: autoDraw = False
1.9400 	EXP 	text_instructions: autoDraw = True
4.2358 	DEBUG 	Read excel file with openpyxl: lists/trials.xlsx
4.2359 	EXP 	Imported lists/trials.xlsx as conditions, 3 conditions, 2 params
4.2361 	EXP 	New trial (rep=0, index=0): <Trial 0 (0 in rep 0) data={'word': 'self', 'color': 'red', 'thisN': 0, 'thisTrialN': 0, 'thisRepN': 0}>
4.2382 	DATA 	Keypress: space
4.2427 	EXP 	text_instructions: autoDraw = False
4.2427 	EXP 	stimuli_color: foreColor = <psychopy.colors.Color: red, alpha=1.0>
4.2427 	EXP 	stimuli_color: height = 0.05
4.2427 	EXP 	stimuli_color: height = 0.05
4.2427 	EXP 	stimuli_color: height = 0.05
4.2427 	EXP 	stimuli_color: text = 'self'
4.2427 	EXP 	stimuli_color: autoDraw = True
6.2312 	EXP 	New trial (rep=0, index=1): <Trial 1 (1 in rep 0) data={'word': 'friend', 'color': 'blue', 'thisN': 1, 'thisTrialN': 1, 'thisRepN': 0}>
6.2362 	EXP 	stimuli_color: autoDraw = False
6.2362 	EXP 	stimuli_color: autoDraw = False
6.2362 	EXP 	stimuli_color: foreColor = <psychopy.colors.Color: blue, alpha=1.0>
6.2362 	EXP 	stimuli_color: height = 0.05
6.2362 	EXP 	stimuli_color: height = 0.05
6.2362 	EXP 	stimuli_color: height = 0.05
6.2362 	EXP 	stimuli_color: text = 'friend'
6.2362 	EXP 	stimuli_color: autoDraw = True
8.2245 	EXP 	New trial (rep=0, index=2): <Trial 2 (2 in rep 0) data={'word': 'other', 'color': 'green', 'thisN': 2, 'thisTrialN': 2, 'thisRepN': 0}>
8.2293 	EXP 	stimuli_color: autoDraw = False
8.2293 	EXP 	stimuli_color: autoDraw = False
8.2293 	EXP 	stimuli_color: foreColor = <psychopy.colors.Color: green, alpha=1.0>
8.2293 	EXP 	stimuli_color: height = 0.05
8.2293 	EXP 	stimuli_color: height = 0.05
8.2293 	EXP 	stimuli_color: height = 0.05
8.2293 	EXP 	stimuli_color: text = 'other'
8.2293 	EXP 	stimuli_color: autoDraw = True
10.2230 	INFO 	Keyboard events cleared
10.2228 	EXP 	stimuli_color: autoDraw = False
10.2228 	EXP 	stimuli_color: autoDraw = False
10.2228 	EXP 	goodbye_text: autoDraw = True
12.3096 	DATA 	Mouse: Left button down, pos=(521,246)
12.4188 	DATA 	Mouse:  Left button up, pos=(521,246)
14.4244 	DATA 	Keypress: escape
14.6117 	EXP 	Self: status = STOPPED
14.6158 	EXP 	goodbye_text: autoDraw = False
14.6172 	EXP 	Self: status = STOPPED
14.6191 	INFO 	saved data to 'C:\\Users\\alex_\\Desktop\\self_task\\data/689542_Self_2025-08-05_17h57.22.024.csv'
14.6196 	INFO 	saved data to C:\Users\alex_\Desktop\self_task\data/689542_Self_2025-08-05_17h57.22.024.psydat
14.8682 	DEBUG 	Saving data for Self ExperimentHandler
