4.2615 	INFO 	Loaded monitor calibration from ['2025_06_03 17:22']
4.2660 	WARNING 	User requested fullscreen with size [1024  768], but screen is actually [2560, 1600]. Using actual size
4.4300 	EXP 	Created window1 = Window(allowGUI=False, allowStencil=False, autoLog=True, backendConf=UNKNOWN, backgroundFit=<method-wrapper '__getattribute__' of attributeSetter object at 0x0000021163F94160>, backgroundImage=<method-wrapper '__getattribute__' of attributeSetter object at 0x0000021163F97610>, bitsMode=UNKNOWN, blendMode='avg', bpc=(8, 8, 8), color=array([0, 0, 0]), colorSpace='rgb', depthBits=8, fullscr=True, gamma=None, gammaErrorPolicy='raise', infoMsg=UNKNOWN, lms=UNKNOWN, monitor=<psychopy.monitors.calibTools.Monitor object at 0x000002116D7A50C0>, multiSample=False, name='window1', numSamples=2, pos=[0.0, 0.0], screen=0, size=array([2560, 1600]), stencilBits=0, stereo=False, title='PsychoPy', units='height', useFBO=True, useRetina=False, viewOri=0.0, viewPos=None, viewScale=None, waitBlanking=True, winType='pyglet')
4.4300 	EXP 	window1: backgroundImage = ''
4.4300 	EXP 	window1: backgroundFit = 'none'
4.4960 	EXP 	window1: Attempting to measure frame rate of screen (0) ...
4.4960 	EXP 	window1: recordFrameIntervals = False
4.5569 	EXP 	window1: recordFrameIntervals = True
4.6545 	EXP 	Screen (0) actual frame rate measured at 164.16Hz
4.6546 	EXP 	window1: recordFrameIntervals = False
6.4209 	INFO 	keyboard.Keyboard is using iohub backend.
6.4210 	INFO 	keyboard.Keyboard is using iohub backend.
6.4211 	INFO 	keyboard.Keyboard is using iohub backend.
6.4211 	INFO 	keyboard.Keyboard is using iohub backend.
6.4211 	EXP 	Self: status = STARTED
6.4827 	EXP 	Created welcome_text = TextStim(__class__=<class 'psychopy.visual.text.TextStim'>, alignHoriz=method-wrapper(...), alignText='center', alignVert=method-wrapper(...), anchorHoriz='center', anchorVert='center', antialias=True, autoDraw=False, autoLog=True, bold=False, color=array([1., 1., 1.]), colorSpace='rgb', contrast=1.0, depth=0.0, draggable=False, flipHoriz=False, flipVert=False, font='Arial', fontFiles=[], height=0.05, italic=False, languageStyle='LTR', name='welcome_text', opacity=1, ori=0.0, pos=array([0., 0.]), rgb=UNKNOWN, text=str(...), units='height', win=Window(...), wrapWidth=1)
6.4984 	EXP 	Created text_instructions = TextStim(__class__=<class 'psychopy.visual.text.TextStim'>, alignHoriz=method-wrapper(...), alignText='center', alignVert=method-wrapper(...), anchorHoriz='center', anchorVert='center', antialias=True, autoDraw=False, autoLog=True, bold=False, color=array([1., 1., 1.]), colorSpace='rgb', contrast=1.0, depth=0.0, draggable=False, flipHoriz=False, flipVert=False, font='Arial', fontFiles=[], height=0.05, italic=False, languageStyle='LTR', name='text_instructions', opacity=1, ori=0.0, pos=array([0., 0.]), rgb=UNKNOWN, text=str(...), units='height', win=Window(...), wrapWidth=1)
6.4990 	EXP 	Created stimuli_color = TextStim(__class__=<class 'psychopy.visual.text.TextStim'>, alignHoriz=method-wrapper(...), alignText='center', alignVert=method-wrapper(...), anchorHoriz='center', anchorVert='center', antialias=True, autoDraw=False, autoLog=True, bold=False, color=array([1., 1., 1.]), colorSpace='rgb', contrast=1.0, depth=0.0, draggable=False, flipHoriz=False, flipVert=False, font='Arial', fontFiles=[], height=0.05, italic=False, languageStyle='LTR', name='stimuli_color', opacity=1, ori=0.0, pos=array([0., 0.]), rgb=UNKNOWN, text='', units='height', win=Window(...), wrapWidth=1)
6.5019 	EXP 	Created goodbye_text = TextStim(__class__=<class 'psychopy.visual.text.TextStim'>, alignHoriz=method-wrapper(...), alignText='center', alignVert=method-wrapper(...), anchorHoriz='center', anchorVert='center', antialias=True, autoDraw=False, autoLog=True, bold=False, color=array([1., 1., 1.]), colorSpace='rgb', contrast=1.0, depth=0.0, draggable=False, flipHoriz=False, flipVert=False, font='Arial', fontFiles=[], height=0.05, italic=False, languageStyle='LTR', name='goodbye_text', opacity=1, ori=0.0, pos=array([0., 0.]), rgb=UNKNOWN, text='Thanks for participating! ', units='height', win=Window(...), wrapWidth=1)
0.0078 	INFO 	Keyboard events cleared
0.0076 	EXP 	welcome_text: autoDraw = True
2.5310 	DATA 	Keypress: space
2.5344 	INFO 	Keyboard events cleared
2.5342 	EXP 	welcome_text: autoDraw = False
2.5342 	EXP 	text_instructions: autoDraw = True
3.6035 	EXP 	Imported lists/trials.xlsx as conditions, 3 conditions, 2 params
3.6038 	EXP 	New trial (rep=0, index=0): <Trial 0 (0 in rep 0) data={'word': 'self', 'color': 'red', 'thisN': 0, 'thisTrialN': 0, 'thisRepN': 0}>
3.6062 	DATA 	Keypress: space
3.6080 	EXP 	text_instructions: autoDraw = False
3.6080 	EXP 	stimuli_color: foreColor = <psychopy.colors.Color: red, alpha=1.0>
3.6080 	EXP 	stimuli_color: height = 0.05
3.6080 	EXP 	stimuli_color: height = 0.05
3.6080 	EXP 	stimuli_color: height = 0.05
3.6080 	EXP 	stimuli_color: text = 'self'
3.6080 	EXP 	stimuli_color: autoDraw = True
5.5934 	EXP 	New trial (rep=0, index=1): <Trial 1 (1 in rep 0) data={'word': 'friend', 'color': 'blue', 'thisN': 1, 'thisTrialN': 1, 'thisRepN': 0}>
5.5994 	EXP 	stimuli_color: autoDraw = False
5.5994 	EXP 	stimuli_color: autoDraw = False
5.5994 	EXP 	stimuli_color: foreColor = <psychopy.colors.Color: blue, alpha=1.0>
5.5994 	EXP 	stimuli_color: height = 0.05
5.5994 	EXP 	stimuli_color: height = 0.05
5.5994 	EXP 	stimuli_color: height = 0.05
5.5994 	EXP 	stimuli_color: text = 'friend'
5.5994 	EXP 	stimuli_color: autoDraw = True
7.5866 	EXP 	New trial (rep=0, index=2): <Trial 2 (2 in rep 0) data={'word': 'other', 'color': 'green', 'thisN': 2, 'thisTrialN': 2, 'thisRepN': 0}>
7.5924 	EXP 	stimuli_color: autoDraw = False
7.5924 	EXP 	stimuli_color: autoDraw = False
7.5924 	EXP 	stimuli_color: foreColor = <psychopy.colors.Color: green, alpha=1.0>
7.5924 	EXP 	stimuli_color: height = 0.05
7.5924 	EXP 	stimuli_color: height = 0.05
7.5924 	EXP 	stimuli_color: height = 0.05
7.5924 	EXP 	stimuli_color: text = 'other'
7.5924 	EXP 	stimuli_color: autoDraw = True
9.5859 	EXP 	stimuli_color: autoDraw = False
9.5859 	EXP 	stimuli_color: autoDraw = False
9.5920 	INFO 	Keyboard events cleared
9.5918 	EXP 	goodbye_text: autoDraw = True
15.1065 	DATA 	Keypress: space
15.1116 	EXP 	goodbye_text: autoDraw = False
15.1117 	EXP 	Self: status = STOPPED
15.1150 	INFO 	saved data to 'C:\\Users\\alex_\\Desktop\\self_task\\data/727926_Self_2025-08-04_17h29.14.146.csv'
15.1160 	INFO 	saved data to C:\Users\alex_\Desktop\self_task\data/727926_Self_2025-08-04_17h29.14.146.psydat
