4.6659 	DEBUG 	Fullscreen settings ignored as running in pilot mode.
4.6665 	INFO 	Loaded monitor calibration from ['2025_06_03 17:22']
4.8455 	EXP 	Created window1 = Window(allowGUI=False, allowStencil=False, autoLog=True, backendConf=UNKNOWN, backgroundFit=<method-wrapper '__getattribute__' of attributeSetter object at 0x00000231D527F5B0>, backgroundImage=<method-wrapper '__getattribute__' of attributeSetter object at 0x00000231D527F610>, bitsMode=UNKNOWN, blendMode='avg', bpc=(8, 8, 8), color=array([1., 1., 1.]), colorSpace='rgb', depthBits=8, fullscr=False, gamma=None, gammaErrorPolicy='raise', infoMsg=UNKNOWN, lms=UNKNOWN, monitor=<psychopy.monitors.calibTools.Monitor object at 0x00000231D530CCA0>, multiSample=False, name='window1', numSamples=2, pos=[880.0, 500.0], screen=0, size=array([800, 600]), stencilBits=0, stereo=False, title='PsychoPy', units='height', useFBO=True, useRetina=False, viewOri=0.0, viewPos=None, viewScale=None, waitBlanking=True, winType='pyglet')
4.8455 	EXP 	window1: backgroundImage = ''
4.8455 	EXP 	window1: backgroundFit = 'none'
4.8514 	DEBUG 	TextBox2 loaded 1 chars with 0 blanks and 1 valid
4.8520 	DEBUG 	TextBox2 loaded 1 chars with 0 blanks and 1 valid
4.8526 	DEBUG 	TextBox2 loaded 1 chars with 0 blanks and 1 valid
4.8532 	DEBUG 	TextBox2 loaded 1 chars with 0 blanks and 1 valid
4.8539 	DEBUG 	TextBox2 loaded 1 chars with 0 blanks and 1 valid
4.8543 	DEBUG 	TextBox2 loaded 1 chars with 0 blanks and 1 valid
4.8549 	DEBUG 	TextBox2 loaded 1 chars with 0 blanks and 1 valid
4.8555 	DEBUG 	TextBox2 loaded 1 chars with 0 blanks and 1 valid
4.8558 	DEBUG 	TextBox2 loaded 1 chars with 0 blanks and 1 valid
4.8561 	DEBUG 	TextBox2 loaded 1 chars with 0 blanks and 1 valid
4.8566 	DEBUG 	TextBox2 loaded 1 chars with 0 blanks and 1 valid
4.8573 	DEBUG 	TextBox2 loaded 1 chars with 0 blanks and 1 valid
4.8578 	DEBUG 	TextBox2 loaded 1 chars with 0 blanks and 1 valid
4.8583 	DEBUG 	TextBox2 loaded 1 chars with 0 blanks and 1 valid
4.8588 	DEBUG 	TextBox2 loaded 1 chars with 0 blanks and 1 valid
4.8593 	DEBUG 	TextBox2 loaded 1 chars with 0 blanks and 1 valid
4.8599 	DEBUG 	TextBox2 loaded 1 chars with 0 blanks and 1 valid
4.8603 	DEBUG 	TextBox2 loaded 1 chars with 0 blanks and 1 valid
4.8607 	DEBUG 	TextBox2 loaded 1 chars with 0 blanks and 1 valid
4.8614 	DEBUG 	TextBox2 loaded 1 chars with 0 blanks and 1 valid
4.8617 	DEBUG 	TextBox2 loaded 1 chars with 0 blanks and 1 valid
4.8620 	DEBUG 	Uploading Texture Font fontname to graphics card
4.8676 	DEBUG 	Upload of Texture Font fontname complete
4.8723 	DEBUG 	TextBox2 loaded 1 chars with 0 blanks and 1 valid
4.8730 	DEBUG 	TextBox2 loaded 1 chars with 0 blanks and 1 valid
4.8736 	DEBUG 	TextBox2 loaded 1 chars with 0 blanks and 1 valid
4.8738 	DEBUG 	Uploading Texture Font fontname to graphics card
4.8770 	DEBUG 	Upload of Texture Font fontname complete
4.8784 	EXP 	window1: Attempting to measure frame rate of screen (0) ...
4.8784 	EXP 	window1: recordFrameIntervals = False
4.9492 	EXP 	window1: recordFrameIntervals = True
5.0160 	EXP 	Screen (0) actual frame rate measured at 165.02Hz
5.0160 	EXP 	window1: recordFrameIntervals = False
5.0203 	DEBUG 	TextBox2 loaded 1 chars with 0 blanks and 1 valid
5.0207 	DEBUG 	TextBox2 loaded 1 chars with 0 blanks and 1 valid
5.0212 	DEBUG 	TextBox2 loaded 1 chars with 0 blanks and 1 valid
5.0219 	DEBUG 	TextBox2 loaded 1 chars with 0 blanks and 1 valid
5.0226 	DEBUG 	TextBox2 loaded 1 chars with 0 blanks and 1 valid
5.0234 	DEBUG 	TextBox2 loaded 1 chars with 0 blanks and 1 valid
5.0238 	DEBUG 	TextBox2 loaded 1 chars with 0 blanks and 1 valid
5.0244 	DEBUG 	TextBox2 loaded 1 chars with 0 blanks and 1 valid
5.0251 	DEBUG 	TextBox2 loaded 1 chars with 0 blanks and 1 valid
5.0257 	DEBUG 	TextBox2 loaded 1 chars with 0 blanks and 1 valid
5.0259 	DEBUG 	Uploading Texture Font fontname to graphics card
5.0263 	DEBUG 	Upload of Texture Font fontname complete
5.0376 	WARNING 	launchHubServer: If using the iohub mouse or eyetracker devices, fullScr should be True.
6.9125 	INFO 	keyboard.Keyboard is using iohub backend.
6.9125 	INFO 	keyboard.Keyboard is using iohub backend.
6.9125 	INFO 	keyboard.Keyboard is using iohub backend.
6.9125 	INFO 	keyboard.Keyboard is using iohub backend.
6.9126 	INFO 	keyboard.Keyboard is using iohub backend.
6.9126 	EXP 	Self: status = STARTED
6.9699 	EXP 	Created welcome_text = TextStim(__class__=<class 'psychopy.visual.text.TextStim'>, alignHoriz=method-wrapper(...), alignText='center', alignVert=method-wrapper(...), anchorHoriz='center', anchorVert='center', antialias=True, autoDraw=False, autoLog=True, bold=False, color=array([-1., -1., -1.]), colorSpace='rgb', contrast=1.0, depth=0.0, draggable=False, flipHoriz=False, flipVert=False, font='Arial', fontFiles=[], height=0.05, italic=False, languageStyle='LTR', name='welcome_text', opacity=1, ori=0.0, pos=array([0., 0.]), rgb=UNKNOWN, text=str(...), units='height', win=Window(...), wrapWidth=1)
6.9704 	EXP 	Created text_instructions = TextStim(__class__=<class 'psychopy.visual.text.TextStim'>, alignHoriz=method-wrapper(...), alignText='center', alignVert=method-wrapper(...), anchorHoriz='center', anchorVert='center', antialias=True, autoDraw=False, autoLog=True, bold=False, color=array([-1., -1., -1.]), colorSpace='rgb', contrast=1.0, depth=0.0, draggable=False, flipHoriz=False, flipVert=False, font='Arial', fontFiles=[], height=0.05, italic=False, languageStyle='LTR', name='text_instructions', opacity=1, ori=0.0, pos=array([0., 0.]), rgb=UNKNOWN, text='', units='height', win=Window(...), wrapWidth=1)
6.9723 	EXP 	Created polygon = ShapeStim(__class__=<class 'psychopy.visual.shape.ShapeStim'>, anchor=('center', 'center'), autoDraw=False, autoLog=True, closeShape=True, color=method-wrapper(...), colorSpace='rgb', contrast=None, depth=-2.0, draggable=False, fillColor=array([-1, -1, -1]), fillColorSpace='rgb', fillRGB=array([-1, -1, -1]), interpolate=True, lineColor=array([-1., -1., -1.]), lineColorSpace='rgb', lineRGB=array([-1, -1, -1]), lineWidth=1.0, name='polygon', opacity=1, ori=0.0, pos=array([0., 0.]), size=array([0.5, 0.5]), units='height', vertices=ndarray(...), win=Window(...), windingRule=None)
6.9728 	EXP 	Created stimuli = TextStim(__class__=<class 'psychopy.visual.text.TextStim'>, alignHoriz=method-wrapper(...), alignText='center', alignVert=method-wrapper(...), anchorHoriz='center', anchorVert='center', antialias=True, autoDraw=False, autoLog=True, bold=False, color=array([1., 1., 1.]), colorSpace='rgb', contrast=1.0, depth=0.0, draggable=False, flipHoriz=False, flipVert=False, font='Arial', fontFiles=[], height=0.05, italic=False, languageStyle='LTR', name='stimuli', opacity=1, ori=0.0, pos=array([0., 0.]), rgb=UNKNOWN, text='', units='height', win=Window(...), wrapWidth=1)
6.9751 	EXP 	Created goodbye_text = TextStim(__class__=<class 'psychopy.visual.text.TextStim'>, alignHoriz=method-wrapper(...), alignText='center', alignVert=method-wrapper(...), anchorHoriz='center', anchorVert='center', antialias=True, autoDraw=False, autoLog=True, bold=False, color=array([-1., -1., -1.]), colorSpace='rgb', contrast=1.0, depth=0.0, draggable=False, flipHoriz=False, flipVert=False, font='Arial', fontFiles=[], height=0.05, italic=False, languageStyle='LTR', name='goodbye_text', opacity=1, ori=0.0, pos=array([0., 0.]), rgb=UNKNOWN, text='Thanks for participating! ', units='height', win=Window(...), wrapWidth=1)
0.0099 	INFO 	Keyboard events cleared
0.0097 	EXP 	welcome_text: autoDraw = True
0.6190 	DEBUG 	Read excel file with openpyxl: lists/blocks.xlsx
0.6191 	EXP 	Imported lists/blocks.xlsx as conditions, 2 conditions, 2 params
0.6193 	EXP 	New trial (rep=0, index=0): <Trial 0 (0 in rep 0) data={'task': 'color', 'ins': 'In the following task, you will need to report the color of the word. \n- If the word is presented in blue, press j\n- If the word is presented in red, press k\n- If the word is presented in green, press l\n\npress the space key to start', 'thisN': 0, 'thisTrialN': 0, 'thisRepN': 0}>
0.6280 	DATA 	Keypress: space
0.6333 	EXP 	welcome_text: autoDraw = False
0.6333 	EXP 	text_instructions: height = 0.05
0.6333 	EXP 	text_instructions: height = 0.05
0.6333 	EXP 	text_instructions: height = 0.05
0.6333 	EXP 	text_instructions: text = 'In the following task, you will need to report the color of the word. \n- If the word is presented in blue, press j\n- If the word is presented in red, press k\n- If the word is presented in green, press l\n\npress the space key to start'
0.6333 	EXP 	polygon: autoDraw = True
1.1061 	INFO 	Keyboard events cleared
1.1059 	EXP 	text_instructions: autoDraw = True
1.1244 	EXP 	polygon: autoDraw = False
2.1653 	DEBUG 	Read excel file with openpyxl: lists/trials.xlsx
2.1655 	EXP 	Imported lists/trials.xlsx as conditions, 3 conditions, 2 params
2.1658 	EXP 	New trial (rep=0, index=0): <Trial 0 (0 in rep 0) data={'word': 'self', 'color': 'red', 'thisN': 0, 'thisTrialN': 0, 'thisRepN': 0}>
2.1696 	DATA 	Keypress: space
2.1728 	INFO 	Keyboard events cleared
2.1726 	EXP 	text_instructions: autoDraw = False
2.1726 	EXP 	polygon: autoDraw = False
2.1726 	EXP 	stimuli: foreColor = <psychopy.colors.Color: red, alpha=1.0>
2.1726 	EXP 	stimuli: height = 0.05
2.1726 	EXP 	stimuli: height = 0.05
2.1726 	EXP 	stimuli: height = 0.05
2.1726 	EXP 	stimuli: text = 'self'
2.1726 	EXP 	stimuli: autoDraw = True
3.7083 	EXP 	New trial (rep=0, index=1): <Trial 1 (1 in rep 0) data={'word': 'other', 'color': 'green', 'thisN': 1, 'thisTrialN': 1, 'thisRepN': 0}>
3.7107 	DATA 	Keypress: j
3.7176 	INFO 	Keyboard events cleared
3.7174 	EXP 	stimuli: autoDraw = False
3.7174 	EXP 	stimuli: foreColor = <psychopy.colors.Color: green, alpha=1.0>
3.7174 	EXP 	stimuli: height = 0.05
3.7174 	EXP 	stimuli: height = 0.05
3.7174 	EXP 	stimuli: height = 0.05
3.7174 	EXP 	stimuli: text = 'other'
3.7174 	EXP 	stimuli: autoDraw = True
4.1012 	EXP 	New trial (rep=0, index=2): <Trial 2 (2 in rep 0) data={'word': 'friend', 'color': 'blue', 'thisN': 2, 'thisTrialN': 2, 'thisRepN': 0}>
4.1038 	DATA 	Keypress: j
4.1117 	INFO 	Keyboard events cleared
4.1115 	EXP 	stimuli: autoDraw = False
4.1115 	EXP 	stimuli: foreColor = <psychopy.colors.Color: blue, alpha=1.0>
4.1115 	EXP 	stimuli: height = 0.05
4.1115 	EXP 	stimuli: height = 0.05
4.1115 	EXP 	stimuli: height = 0.05
4.1115 	EXP 	stimuli: text = 'friend'
4.1115 	EXP 	stimuli: autoDraw = True
4.5935 	EXP 	New trial (rep=0, index=1): <Trial 1 (1 in rep 0) data={'task': 'identity', 'ins': 'In the following task, you will need to report the identity of the word. \n- If the word is self, press j\n- If the word is friend, press k\n- If the word is other, press l\n\npress the space key to start', 'thisN': 1, 'thisTrialN': 1, 'thisRepN': 0}>
4.5978 	DATA 	Keypress: k
4.6025 	EXP 	stimuli: autoDraw = False
4.6025 	EXP 	text_instructions: height = 0.05
4.6025 	EXP 	text_instructions: height = 0.05
4.6025 	EXP 	text_instructions: height = 0.05
4.6025 	EXP 	text_instructions: text = 'In the following task, you will need to report the identity of the word. \n- If the word is self, press j\n- If the word is friend, press k\n- If the word is other, press l\n\npress the space key to start'
4.6025 	EXP 	polygon: autoDraw = True
5.0813 	INFO 	Keyboard events cleared
5.0811 	EXP 	text_instructions: autoDraw = True
5.0934 	EXP 	polygon: autoDraw = False
6.7191 	DATA 	Keypress: l
7.1004 	DATA 	Keypress: j
8.2668 	DEBUG 	Read excel file with openpyxl: lists/trials.xlsx
8.2669 	EXP 	Imported lists/trials.xlsx as conditions, 3 conditions, 2 params
8.2671 	EXP 	New trial (rep=0, index=0): <Trial 0 (0 in rep 0) data={'word': 'self', 'color': 'red', 'thisN': 0, 'thisTrialN': 0, 'thisRepN': 0}>
8.2690 	DATA 	Keypress: space
8.2744 	INFO 	Keyboard events cleared
8.2742 	EXP 	text_instructions: autoDraw = False
8.2742 	EXP 	polygon: autoDraw = False
8.2742 	EXP 	stimuli: foreColor = <psychopy.colors.Color: red, alpha=1.0>
8.2742 	EXP 	stimuli: height = 0.05
8.2742 	EXP 	stimuli: height = 0.05
8.2742 	EXP 	stimuli: height = 0.05
8.2742 	EXP 	stimuli: text = 'self'
8.2742 	EXP 	stimuli: autoDraw = True
9.4094 	DATA 	Keypress: space
10.2679 	EXP 	stimuli: autoDraw = False
10.8267 	DATA 	Mouse: Left button down, pos=(285,298)
10.9484 	DATA 	Mouse:  Left button up, pos=(285,297)
11.0819 	DATA 	Keypress: space
12.0570 	DATA 	Keypress: space
32.7551 	DATA 	Keypress: escape
32.8636 	EXP 	Self: status = STOPPED
32.8691 	EXP 	Self: status = STOPPED
32.8744 	INFO 	saved data to 'C:\\Users\\alex_\\Desktop\\self_task\\data/730347_Self_2025-08-05_19h37.00.100.csv'
32.8755 	INFO 	saved data to C:\Users\alex_\Desktop\self_task\data/730347_Self_2025-08-05_19h37.00.100.psydat
33.4608 	DEBUG 	Saving data for Self ExperimentHandler
