4.7547 	DEBUG 	Fullscreen settings ignored as running in pilot mode.
4.7553 	INFO 	Loaded monitor calibration from ['2025_06_03 17:22']
4.9304 	EXP 	Created window1 = Window(allowGUI=False, allowStencil=False, autoLog=True, backendConf=UNKNOWN, backgroundFit=<method-wrapper '__getattribute__' of attributeSetter object at 0x0000029E75100610>, backgroundImage=<method-wrapper '__getattribute__' of attributeSetter object at 0x0000029E75100670>, bitsMode=UNKNOWN, blendMode='avg', bpc=(8, 8, 8), color=array([1., 1., 1.]), colorSpace='rgb', depthBits=8, fullscr=False, gamma=None, gammaErrorPolicy='raise', infoMsg=UNKNOWN, lms=UNKNOWN, monitor=<psychopy.monitors.calibTools.Monitor object at 0x0000029E751DA740>, multiSample=False, name='window1', numSamples=2, pos=[880.0, 500.0], screen=0, size=array([800, 600]), stencilBits=0, stereo=False, title='PsychoPy', units='height', useFBO=True, useRetina=False, viewOri=0.0, viewPos=None, viewScale=None, waitBlanking=True, winType='pyglet')
4.9304 	EXP 	window1: backgroundImage = ''
4.9305 	EXP 	window1: backgroundFit = 'none'
4.9372 	DEBUG 	TextBox2 loaded 1 chars with 0 blanks and 1 valid
4.9376 	DEBUG 	TextBox2 loaded 1 chars with 0 blanks and 1 valid
4.9381 	DEBUG 	TextBox2 loaded 1 chars with 0 blanks and 1 valid
4.9387 	DEBUG 	TextBox2 loaded 1 chars with 0 blanks and 1 valid
4.9393 	DEBUG 	TextBox2 loaded 1 chars with 0 blanks and 1 valid
4.9396 	DEBUG 	TextBox2 loaded 1 chars with 0 blanks and 1 valid
4.9401 	DEBUG 	TextBox2 loaded 1 chars with 0 blanks and 1 valid
4.9407 	DEBUG 	TextBox2 loaded 1 chars with 0 blanks and 1 valid
4.9410 	DEBUG 	TextBox2 loaded 1 chars with 0 blanks and 1 valid
4.9412 	DEBUG 	TextBox2 loaded 1 chars with 0 blanks and 1 valid
4.9417 	DEBUG 	TextBox2 loaded 1 chars with 0 blanks and 1 valid
4.9421 	DEBUG 	TextBox2 loaded 1 chars with 0 blanks and 1 valid
4.9426 	DEBUG 	TextBox2 loaded 1 chars with 0 blanks and 1 valid
4.9431 	DEBUG 	TextBox2 loaded 1 chars with 0 blanks and 1 valid
4.9436 	DEBUG 	TextBox2 loaded 1 chars with 0 blanks and 1 valid
4.9441 	DEBUG 	TextBox2 loaded 1 chars with 0 blanks and 1 valid
4.9446 	DEBUG 	TextBox2 loaded 1 chars with 0 blanks and 1 valid
4.9449 	DEBUG 	TextBox2 loaded 1 chars with 0 blanks and 1 valid
4.9452 	DEBUG 	TextBox2 loaded 1 chars with 0 blanks and 1 valid
4.9459 	DEBUG 	TextBox2 loaded 1 chars with 0 blanks and 1 valid
4.9462 	DEBUG 	TextBox2 loaded 1 chars with 0 blanks and 1 valid
4.9465 	DEBUG 	Uploading Texture Font fontname to graphics card
4.9510 	DEBUG 	Upload of Texture Font fontname complete
4.9578 	DEBUG 	TextBox2 loaded 1 chars with 0 blanks and 1 valid
4.9585 	DEBUG 	TextBox2 loaded 1 chars with 0 blanks and 1 valid
4.9592 	DEBUG 	TextBox2 loaded 1 chars with 0 blanks and 1 valid
4.9593 	DEBUG 	Uploading Texture Font fontname to graphics card
4.9628 	DEBUG 	Upload of Texture Font fontname complete
4.9640 	EXP 	window1: Attempting to measure frame rate of screen (0) ...
4.9640 	EXP 	window1: recordFrameIntervals = False
5.0327 	EXP 	window1: recordFrameIntervals = True
5.0997 	EXP 	Screen (0) actual frame rate measured at 163.96Hz
5.0998 	EXP 	window1: recordFrameIntervals = False
5.1038 	DEBUG 	TextBox2 loaded 1 chars with 0 blanks and 1 valid
5.1042 	DEBUG 	TextBox2 loaded 1 chars with 0 blanks and 1 valid
5.1048 	DEBUG 	TextBox2 loaded 1 chars with 0 blanks and 1 valid
5.1055 	DEBUG 	TextBox2 loaded 1 chars with 0 blanks and 1 valid
5.1062 	DEBUG 	TextBox2 loaded 1 chars with 0 blanks and 1 valid
5.1068 	DEBUG 	TextBox2 loaded 1 chars with 0 blanks and 1 valid
5.1072 	DEBUG 	TextBox2 loaded 1 chars with 0 blanks and 1 valid
5.1079 	DEBUG 	TextBox2 loaded 1 chars with 0 blanks and 1 valid
5.1086 	DEBUG 	TextBox2 loaded 1 chars with 0 blanks and 1 valid
5.1093 	DEBUG 	TextBox2 loaded 1 chars with 0 blanks and 1 valid
5.1095 	DEBUG 	Uploading Texture Font fontname to graphics card
5.1099 	DEBUG 	Upload of Texture Font fontname complete
5.1194 	WARNING 	launchHubServer: If using the iohub mouse or eyetracker devices, fullScr should be True.
6.9972 	INFO 	keyboard.Keyboard is using iohub backend.
6.9973 	INFO 	keyboard.Keyboard is using iohub backend.
6.9973 	INFO 	keyboard.Keyboard is using iohub backend.
6.9973 	INFO 	keyboard.Keyboard is using iohub backend.
6.9974 	INFO 	keyboard.Keyboard is using iohub backend.
6.9974 	EXP 	Self: status = STARTED
7.0569 	EXP 	Created welcome_text = TextStim(__class__=<class 'psychopy.visual.text.TextStim'>, alignHoriz=method-wrapper(...), alignText='center', alignVert=method-wrapper(...), anchorHoriz='center', anchorVert='center', antialias=True, autoDraw=False, autoLog=True, bold=False, color=array([-1., -1., -1.]), colorSpace='rgb', contrast=1.0, depth=0.0, draggable=False, flipHoriz=False, flipVert=False, font='Arial', fontFiles=[], height=0.05, italic=False, languageStyle='LTR', name='welcome_text', opacity=1, ori=0.0, pos=array([0., 0.]), rgb=UNKNOWN, text=str(...), units='height', win=Window(...), wrapWidth=1)
7.0639 	EXP 	Created text_instructions = TextStim(__class__=<class 'psychopy.visual.text.TextStim'>, alignHoriz=method-wrapper(...), alignText='center', alignVert=method-wrapper(...), anchorHoriz='center', anchorVert='center', antialias=True, autoDraw=False, autoLog=True, bold=False, color=array([-1., -1., -1.]), colorSpace='rgb', contrast=1.0, depth=0.0, draggable=False, flipHoriz=False, flipVert=False, font='Arial', fontFiles=[], height=0.05, italic=False, languageStyle='LTR', name='text_instructions', opacity=1, ori=0.0, pos=array([0., 0.]), rgb=UNKNOWN, text=str(...), units='height', win=Window(...), wrapWidth=1)
7.0644 	EXP 	Created stimuli = TextStim(__class__=<class 'psychopy.visual.text.TextStim'>, alignHoriz=method-wrapper(...), alignText='center', alignVert=method-wrapper(...), anchorHoriz='center', anchorVert='center', antialias=True, autoDraw=False, autoLog=True, bold=False, color=array([1., 1., 1.]), colorSpace='rgb', contrast=1.0, depth=0.0, draggable=False, flipHoriz=False, flipVert=False, font='Arial', fontFiles=[], height=0.05, italic=False, languageStyle='LTR', name='stimuli', opacity=1, ori=0.0, pos=array([0., 0.]), rgb=UNKNOWN, text='', units='height', win=Window(...), wrapWidth=1)
7.0668 	EXP 	Created goodbye_text = TextStim(__class__=<class 'psychopy.visual.text.TextStim'>, alignHoriz=method-wrapper(...), alignText='center', alignVert=method-wrapper(...), anchorHoriz='center', anchorVert='center', antialias=True, autoDraw=False, autoLog=True, bold=False, color=array([1., 1., 1.]), colorSpace='rgb', contrast=1.0, depth=0.0, draggable=False, flipHoriz=False, flipVert=False, font='Arial', fontFiles=[], height=0.05, italic=False, languageStyle='LTR', name='goodbye_text', opacity=1, ori=0.0, pos=array([0., 0.]), rgb=UNKNOWN, text='Thanks for participating! ', units='height', win=Window(...), wrapWidth=1)
0.0136 	INFO 	Keyboard events cleared
0.0134 	EXP 	welcome_text: autoDraw = True
1.7453 	DATA 	Keypress: space
1.7526 	INFO 	Keyboard events cleared
1.7524 	EXP 	welcome_text: autoDraw = False
1.7524 	EXP 	text_instructions: autoDraw = True
5.4975 	DEBUG 	Read excel file with openpyxl: lists/trials.xlsx
5.4976 	EXP 	Imported lists/trials.xlsx as conditions, 3 conditions, 2 params
5.4979 	EXP 	New trial (rep=0, index=0): <Trial 0 (0 in rep 0) data={'word': 'friend', 'color': 'blue', 'thisN': 0, 'thisTrialN': 0, 'thisRepN': 0}>
5.5006 	DATA 	Keypress: space
5.5035 	INFO 	Keyboard events cleared
5.5033 	EXP 	text_instructions: autoDraw = False
5.5033 	EXP 	stimuli: foreColor = <psychopy.colors.Color: blue, alpha=1.0>
5.5033 	EXP 	stimuli: height = 0.05
5.5033 	EXP 	stimuli: height = 0.05
5.5033 	EXP 	stimuli: height = 0.05
5.5033 	EXP 	stimuli: text = 'friend'
5.5033 	EXP 	stimuli: autoDraw = True
6.4019 	DATA 	Keypress: j
7.4965 	EXP 	stimuli: autoDraw = False
11.1586 	DATA 	Keypress: k
11.2492 	DATA 	Keypress: j
11.9765 	DATA 	Keypress: k
12.9333 	DATA 	Keypress: l
13.5577 	DATA 	Keypress: l
13.8428 	DATA 	Keypress: k
14.2008 	DATA 	Keypress: j
14.4609 	DATA 	Keypress: k
14.7642 	DATA 	Keypress: l
15.2055 	DATA 	Keypress: k
15.3949 	DATA 	Keypress: j
15.5818 	DATA 	Keypress: k
15.6543 	DATA 	Keypress: l
16.6229 	DATA 	Keypress: escape
16.7745 	EXP 	Self: status = STOPPED
16.7805 	EXP 	Self: status = STOPPED
16.7845 	INFO 	saved data to 'C:\\Users\\alex_\\Desktop\\self_task\\data/756666_Self_2025-08-05_18h01.57.486.csv'
16.7854 	INFO 	saved data to C:\Users\alex_\Desktop\self_task\data/756666_Self_2025-08-05_18h01.57.486.psydat
17.4249 	DEBUG 	Saving data for Self ExperimentHandler
