4.5785 	INFO 	Loaded monitor calibration from ['2025_06_03 17:22']
4.5853 	WARNING 	User requested fullscreen with size [1707 1067], but screen is actually [2560, 1600]. Using actual size
4.7615 	EXP 	Created window1 = Window(allowGUI=False, allowStencil=False, autoLog=True, backendConf=UNKNOWN, backgroundFit=<method-wrapper '__getattribute__' of attributeSetter object at 0x000001FAE3030640>, backgroundImage=<method-wrapper '__getattribute__' of attributeSetter object at 0x000001FAE30306A0>, bitsMode=UNKNOWN, blendMode='avg', bpc=(8, 8, 8), color=array([1., 1., 1.]), colorSpace='rgb', depthBits=8, fullscr=True, gamma=None, gammaErrorPolicy='raise', infoMsg=UNKNOWN, lms=UNKNOWN, monitor=<psychopy.monitors.calibTools.Monitor object at 0x000001FAE31067A0>, multiSample=False, name='window1', numSamples=2, pos=[0.0, 0.0], screen=0, size=array([2560, 1600]), stencilBits=0, stereo=False, title='PsychoPy', units='height', useFBO=True, useRetina=False, viewOri=0.0, viewPos=None, viewScale=None, waitBlanking=True, winType='pyglet')
4.7615 	EXP 	window1: backgroundImage = ''
4.7615 	EXP 	window1: backgroundFit = 'none'
4.8265 	EXP 	window1: Attempting to measure frame rate of screen (0) ...
4.8265 	EXP 	window1: recordFrameIntervals = False
4.9099 	EXP 	window1: recordFrameIntervals = True
4.9946 	EXP 	Screen (0) actual frame rate measured at 174.87Hz
4.9946 	EXP 	window1: recordFrameIntervals = False
6.9723 	INFO 	keyboard.Keyboard is using iohub backend.
6.9723 	INFO 	keyboard.Keyboard is using iohub backend.
6.9723 	INFO 	keyboard.Keyboard is using iohub backend.
6.9723 	INFO 	keyboard.Keyboard is using iohub backend.
6.9724 	INFO 	keyboard.Keyboard is using iohub backend.
6.9724 	EXP 	Self: status = STARTED
7.0345 	EXP 	Created welcome_text = TextStim(__class__=<class 'psychopy.visual.text.TextStim'>, alignHoriz=method-wrapper(...), alignText='center', alignVert=method-wrapper(...), anchorHoriz='center', anchorVert='center', antialias=True, autoDraw=False, autoLog=True, bold=False, color=array([-1., -1., -1.]), colorSpace='rgb', contrast=1.0, depth=0.0, draggable=False, flipHoriz=False, flipVert=False, font='Arial', fontFiles=[], height=0.05, italic=False, languageStyle='LTR', name='welcome_text', opacity=1, ori=0.0, pos=array([0., 0.]), rgb=UNKNOWN, text=str(...), units='height', win=Window(...), wrapWidth=1)
7.0501 	EXP 	Created text_instructions = TextStim(__class__=<class 'psychopy.visual.text.TextStim'>, alignHoriz=method-wrapper(...), alignText='center', alignVert=method-wrapper(...), anchorHoriz='center', anchorVert='center', antialias=True, autoDraw=False, autoLog=True, bold=False, color=array([-1., -1., -1.]), colorSpace='rgb', contrast=1.0, depth=0.0, draggable=False, flipHoriz=False, flipVert=False, font='Arial', fontFiles=[], height=0.05, italic=False, languageStyle='LTR', name='text_instructions', opacity=1, ori=0.0, pos=array([0., 0.]), rgb=UNKNOWN, text=str(...), units='height', win=Window(...), wrapWidth=1)
7.0506 	EXP 	Created stimuli = TextStim(__class__=<class 'psychopy.visual.text.TextStim'>, alignHoriz=method-wrapper(...), alignText='center', alignVert=method-wrapper(...), anchorHoriz='center', anchorVert='center', antialias=True, autoDraw=False, autoLog=True, bold=False, color=array([1., 1., 1.]), colorSpace='rgb', contrast=1.0, depth=0.0, draggable=False, flipHoriz=False, flipVert=False, font='Arial', fontFiles=[], height=0.05, italic=False, languageStyle='LTR', name='stimuli', opacity=1, ori=0.0, pos=array([0., 0.]), rgb=UNKNOWN, text='', units='height', win=Window(...), wrapWidth=1)
7.0532 	EXP 	Created goodbye_text = TextStim(__class__=<class 'psychopy.visual.text.TextStim'>, alignHoriz=method-wrapper(...), alignText='center', alignVert=method-wrapper(...), anchorHoriz='center', anchorVert='center', antialias=True, autoDraw=False, autoLog=True, bold=False, color=array([1., 1., 1.]), colorSpace='rgb', contrast=1.0, depth=0.0, draggable=False, flipHoriz=False, flipVert=False, font='Arial', fontFiles=[], height=0.05, italic=False, languageStyle='LTR', name='goodbye_text', opacity=1, ori=0.0, pos=array([0., 0.]), rgb=UNKNOWN, text='Thanks for participating! ', units='height', win=Window(...), wrapWidth=1)
0.0007 	DATA 	Keypress: space
0.0087 	INFO 	Keyboard events cleared
0.0085 	EXP 	welcome_text: autoDraw = True
0.6968 	DATA 	Keypress: space
0.7045 	INFO 	Keyboard events cleared
0.7043 	EXP 	welcome_text: autoDraw = False
0.7043 	EXP 	text_instructions: autoDraw = True
1.4427 	EXP 	Imported lists/trials.xlsx as conditions, 3 conditions, 2 params
1.4431 	EXP 	New trial (rep=0, index=0): <Trial 0 (0 in rep 0) data={'word': 'friend', 'color': 'blue', 'thisN': 0, 'thisTrialN': 0, 'thisRepN': 0}>
1.4461 	DATA 	Keypress: space
1.4485 	INFO 	Keyboard events cleared
1.4483 	EXP 	text_instructions: autoDraw = False
1.4483 	EXP 	stimuli: foreColor = <psychopy.colors.Color: blue, alpha=1.0>
1.4483 	EXP 	stimuli: height = 0.05
1.4483 	EXP 	stimuli: height = 0.05
1.4483 	EXP 	stimuli: height = 0.05
1.4483 	EXP 	stimuli: text = 'friend'
1.4483 	EXP 	stimuli: autoDraw = True
1.8320 	EXP 	New trial (rep=0, index=1): <Trial 1 (1 in rep 0) data={'word': 'self', 'color': 'red', 'thisN': 1, 'thisTrialN': 1, 'thisRepN': 0}>
1.8343 	DATA 	Keypress: j
1.8378 	INFO 	Keyboard events cleared
1.8376 	EXP 	stimuli: autoDraw = False
1.8376 	EXP 	stimuli: foreColor = <psychopy.colors.Color: red, alpha=1.0>
1.8376 	EXP 	stimuli: height = 0.05
1.8376 	EXP 	stimuli: height = 0.05
1.8376 	EXP 	stimuli: height = 0.05
1.8376 	EXP 	stimuli: text = 'self'
1.8376 	EXP 	stimuli: autoDraw = True
2.3835 	EXP 	New trial (rep=0, index=2): <Trial 2 (2 in rep 0) data={'word': 'other', 'color': 'green', 'thisN': 2, 'thisTrialN': 2, 'thisRepN': 0}>
2.3860 	DATA 	Keypress: k
2.3888 	INFO 	Keyboard events cleared
2.3886 	EXP 	stimuli: autoDraw = False
2.3886 	EXP 	stimuli: foreColor = <psychopy.colors.Color: green, alpha=1.0>
2.3886 	EXP 	stimuli: height = 0.05
2.3886 	EXP 	stimuli: height = 0.05
2.3886 	EXP 	stimuli: height = 0.05
2.3886 	EXP 	stimuli: text = 'other'
2.3886 	EXP 	stimuli: autoDraw = True
2.8531 	DATA 	Keypress: l
2.8570 	INFO 	Keyboard events cleared
2.8567 	EXP 	stimuli: autoDraw = False
2.8567 	EXP 	goodbye_text: autoDraw = True
4.0323 	DATA 	Keypress: k
6.0690 	DATA 	Keypress: j
6.3596 	DATA 	Keypress: k
6.6013 	DATA 	Keypress: l
7.6494 	DATA 	Keypress: space
7.6547 	EXP 	goodbye_text: autoDraw = False
7.6548 	EXP 	Self: status = STOPPED
7.6564 	INFO 	saved data to 'C:\\Users\\alex_\\Desktop\\self_task\\data/822744_Self_2025-08-05_18h04.48.696.csv'
7.6569 	INFO 	saved data to C:\Users\alex_\Desktop\self_task\data/822744_Self_2025-08-05_18h04.48.696.psydat
